The target system is: Linux -  - armv7l
The host system is: Linux - 5.4.0-77-generic - x86_64
Compiling the C compiler identification source file "CMakeCCompilerId.c" succeeded.
Compiler: /work/linux/rv1109/src/buildroot/output/rockchip_rv1126_rv1109/host/bin/arm-linux-gnueabihf-gcc 
Build flags: -D_LARGEFILE_SOURCE;-D_LARGEFILE64_SOURCE;-D_FILE_OFFSET_BITS=64;-Os
Id flags:  

The output was:
0


Compilation of the C compiler identification source "CMakeCCompilerId.c" produced "a.out"

The C compiler identification is GNU, found in "/work/linux/rv1109/aiq-src/rk1109_isp_simulator/rk_aiq/build/linux/output/arm/CMakeFiles/3.16.3/CompilerIdC/a.out"

Compiling the CXX compiler identification source file "CMakeCXXCompilerId.cpp" succeeded.
Compiler: /work/linux/rv1109/src/buildroot/output/rockchip_rv1126_rv1109/host/bin/arm-linux-gnueabihf-g++ 
Build flags: -D_LARGEFILE_SOURCE;-D_LARGEFILE64_SOURCE;-D_FILE_OFFSET_BITS=64;-Os
Id flags:  

The output was:
0


Compilation of the CXX compiler identification source "CMakeCXXCompilerId.cpp" produced "a.out"

The CXX compiler identification is GNU, found in "/work/linux/rv1109/aiq-src/rk1109_isp_simulator/rk_aiq/build/linux/output/arm/CMakeFiles/3.16.3/CompilerIdCXX/a.out"

Determining if the C compiler works passed with the following output:
Change Dir: /work/linux/rv1109/aiq-src/rk1109_isp_simulator/rk_aiq/build/linux/output/arm/CMakeFiles/CMakeTmp

Run Build Command(s):/work/linux/rv1109/src/buildroot/output/rockchip_rv1126_rv1109/host/bin/ninja cmTC_4a21a && [1/2] Building C object CMakeFiles/cmTC_4a21a.dir/testCCompiler.c.o
[2/2] Linking C executable cmTC_4a21a



Detecting C compiler ABI info compiled with the following output:
Change Dir: /work/linux/rv1109/aiq-src/rk1109_isp_simulator/rk_aiq/build/linux/output/arm/CMakeFiles/CMakeTmp

Run Build Command(s):/work/linux/rv1109/src/buildroot/output/rockchip_rv1126_rv1109/host/bin/ninja cmTC_4a116 && [1/2] Building C object CMakeFiles/cmTC_4a116.dir/CMakeCCompilerABI.c.o
Using built-in specs.
COLLECT_GCC=/work/linux/rv1109/src/buildroot/../prebuilts/gcc/linux-x86/arm/gcc-arm-8.3-2019.03-x86_64-arm-linux-gnueabihf/bin/arm-linux-gnueabihf-gcc
Target: arm-linux-gnueabihf
Configured with: /tmp/dgboter/bbs/rhev-vm8--rhe6x86_64/buildbot/rhe6x86_64--arm-linux-gnueabihf/build/src/gcc/configure --target=arm-linux-gnueabihf --prefix= --with-sysroot=/arm-linux-gnueabihf/libc --with-build-sysroot=/tmp/dgboter/bbs/rhev-vm8--rhe6x86_64/buildbot/rhe6x86_64--arm-linux-gnueabihf/build/build-arm-linux-gnueabihf/install//arm-linux-gnueabihf/libc --with-bugurl=https://bugs.linaro.org/ --enable-gnu-indirect-function --enable-shared --disable-libssp --disable-libmudflap --enable-checking=release --enable-languages=c,c++,fortran --with-gmp=/tmp/dgboter/bbs/rhev-vm8--rhe6x86_64/buildbot/rhe6x86_64--arm-linux-gnueabihf/build/build-arm-linux-gnueabihf/host-tools --with-mpfr=/tmp/dgboter/bbs/rhev-vm8--rhe6x86_64/buildbot/rhe6x86_64--arm-linux-gnueabihf/build/build-arm-linux-gnueabihf/host-tools --with-mpc=/tmp/dgboter/bbs/rhev-vm8--rhe6x86_64/buildbot/rhe6x86_64--arm-linux-gnueabihf/build/build-arm-linux-gnueabihf/host-tools --with-isl=/tmp/dgboter/bbs/rhev-vm8--rhe6x86_64/buildbot/rhe6x86_64--arm-linux-gnueabihf/build/build-arm-linux-gnueabihf/host-tools --with-arch=armv7-a --with-fpu=neon --with-float=hard --with-arch=armv7-a --with-pkgversion='GNU Toolchain for the A-profile Architecture 8.3-2019.03 (arm-rel-8.36)'
Thread model: posix
gcc version 8.3.0 (GNU Toolchain for the A-profile Architecture 8.3-2019.03 (arm-rel-8.36)) 
COLLECT_GCC_OPTIONS='-mabi=aapcs-linux' '-mfpu=neon-vfpv4' '-marm' '-mfloat-abi=hard' '-mcpu=cortex-a7' '-D' '_LARGEFILE_SOURCE' '-D' '_LARGEFILE64_SOURCE' '-D' '_FILE_OFFSET_BITS=64' '-Os' '-v' '-o' 'CMakeFiles/cmTC_4a116.dir/CMakeCCompilerABI.c.o' '-c' '-mtls-dialect=gnu' '-march=armv7ve+simd'
 /work/linux/rv1109/src/prebuilts/gcc/linux-x86/arm/gcc-arm-8.3-2019.03-x86_64-arm-linux-gnueabihf/bin/../libexec/gcc/arm-linux-gnueabihf/8.3.0/cc1 -quiet -v -iprefix /work/linux/rv1109/src/prebuilts/gcc/linux-x86/arm/gcc-arm-8.3-2019.03-x86_64-arm-linux-gnueabihf/bin/../lib/gcc/arm-linux-gnueabihf/8.3.0/ -isysroot /work/linux/rv1109/src/buildroot/output/rockchip_rv1126_rv1109/host/arm-buildroot-linux-gnueabihf/sysroot -D _LARGEFILE_SOURCE -D _LARGEFILE64_SOURCE -D _FILE_OFFSET_BITS=64 /usr/share/cmake-3.16/Modules/CMakeCCompilerABI.c -quiet -dumpbase CMakeCCompilerABI.c -mabi=aapcs-linux -mfpu=neon-vfpv4 -marm -mfloat-abi=hard -mcpu=cortex-a7 -mtls-dialect=gnu -march=armv7ve+simd -auxbase-strip CMakeFiles/cmTC_4a116.dir/CMakeCCompilerABI.c.o -Os -version -o /tmp/ccy48qDs.s
GNU C17 (GNU Toolchain for the A-profile Architecture 8.3-2019.03 (arm-rel-8.36)) version 8.3.0 (arm-linux-gnueabihf)
	compiled by GNU C version 4.8.1, GMP version 4.3.2, MPFR version 3.1.6, MPC version 0.8.2, isl version isl-0.15-1-g835ea3a-GMP

GGC heuristics: --param ggc-min-expand=100 --param ggc-min-heapsize=131072
ignoring duplicate directory "/work/linux/rv1109/src/prebuilts/gcc/linux-x86/arm/gcc-arm-8.3-2019.03-x86_64-arm-linux-gnueabihf/bin/../lib/gcc/../../lib/gcc/arm-linux-gnueabihf/8.3.0/include"
ignoring nonexistent directory "/work/linux/rv1109/src/buildroot/output/rockchip_rv1126_rv1109/host/arm-buildroot-linux-gnueabihf/sysroot/usr/local/include"
ignoring duplicate directory "/work/linux/rv1109/src/prebuilts/gcc/linux-x86/arm/gcc-arm-8.3-2019.03-x86_64-arm-linux-gnueabihf/bin/../lib/gcc/../../lib/gcc/arm-linux-gnueabihf/8.3.0/include-fixed"
ignoring duplicate directory "/work/linux/rv1109/src/prebuilts/gcc/linux-x86/arm/gcc-arm-8.3-2019.03-x86_64-arm-linux-gnueabihf/bin/../lib/gcc/../../lib/gcc/arm-linux-gnueabihf/8.3.0/../../../../arm-linux-gnueabihf/include"
#include "..." search starts here:
#include <...> search starts here:
 /work/linux/rv1109/src/prebuilts/gcc/linux-x86/arm/gcc-arm-8.3-2019.03-x86_64-arm-linux-gnueabihf/bin/../lib/gcc/arm-linux-gnueabihf/8.3.0/include
 /work/linux/rv1109/src/prebuilts/gcc/linux-x86/arm/gcc-arm-8.3-2019.03-x86_64-arm-linux-gnueabihf/bin/../lib/gcc/arm-linux-gnueabihf/8.3.0/include-fixed
 /work/linux/rv1109/src/prebuilts/gcc/linux-x86/arm/gcc-arm-8.3-2019.03-x86_64-arm-linux-gnueabihf/bin/../lib/gcc/arm-linux-gnueabihf/8.3.0/../../../../arm-linux-gnueabihf/include
 /work/linux/rv1109/src/buildroot/output/rockchip_rv1126_rv1109/host/arm-buildroot-linux-gnueabihf/sysroot/usr/include
End of search list.
GNU C17 (GNU Toolchain for the A-profile Architecture 8.3-2019.03 (arm-rel-8.36)) version 8.3.0 (arm-linux-gnueabihf)
	compiled by GNU C version 4.8.1, GMP version 4.3.2, MPFR version 3.1.6, MPC version 0.8.2, isl version isl-0.15-1-g835ea3a-GMP

GGC heuristics: --param ggc-min-expand=100 --param ggc-min-heapsize=131072
Compiler executable checksum: 7f73d02f5a647c367ef9cbd0ddc0248c
COLLECT_GCC_OPTIONS='-mabi=aapcs-linux' '-mfpu=neon-vfpv4' '-marm' '-mfloat-abi=hard' '-mcpu=cortex-a7' '-D' '_LARGEFILE_SOURCE' '-D' '_LARGEFILE64_SOURCE' '-D' '_FILE_OFFSET_BITS=64' '-Os' '-v' '-o' 'CMakeFiles/cmTC_4a116.dir/CMakeCCompilerABI.c.o' '-c' '-mtls-dialect=gnu' '-march=armv7ve+simd'
 /work/linux/rv1109/src/prebuilts/gcc/linux-x86/arm/gcc-arm-8.3-2019.03-x86_64-arm-linux-gnueabihf/bin/../lib/gcc/arm-linux-gnueabihf/8.3.0/../../../../arm-linux-gnueabihf/bin/as -v -march=armv7ve -mfloat-abi=hard -mfpu=neon-vfpv4 -meabi=5 -o CMakeFiles/cmTC_4a116.dir/CMakeCCompilerABI.c.o /tmp/ccy48qDs.s
GNU assembler version 2.32.0 (arm-linux-gnueabihf) using BFD version (GNU Toolchain for the A-profile Architecture 8.3-2019.03 (arm-rel-8.36)) 2.32.0.20190321
COMPILER_PATH=/work/linux/rv1109/src/prebuilts/gcc/linux-x86/arm/gcc-arm-8.3-2019.03-x86_64-arm-linux-gnueabihf/bin/../libexec/gcc/arm-linux-gnueabihf/8.3.0/:/work/linux/rv1109/src/prebuilts/gcc/linux-x86/arm/gcc-arm-8.3-2019.03-x86_64-arm-linux-gnueabihf/bin/../libexec/gcc/:/work/linux/rv1109/src/prebuilts/gcc/linux-x86/arm/gcc-arm-8.3-2019.03-x86_64-arm-linux-gnueabihf/bin/../lib/gcc/arm-linux-gnueabihf/8.3.0/../../../../arm-linux-gnueabihf/bin/
LIBRARY_PATH=/work/linux/rv1109/src/prebuilts/gcc/linux-x86/arm/gcc-arm-8.3-2019.03-x86_64-arm-linux-gnueabihf/bin/../lib/gcc/arm-linux-gnueabihf/8.3.0/:/work/linux/rv1109/src/prebuilts/gcc/linux-x86/arm/gcc-arm-8.3-2019.03-x86_64-arm-linux-gnueabihf/bin/../lib/gcc/:/work/linux/rv1109/src/prebuilts/gcc/linux-x86/arm/gcc-arm-8.3-2019.03-x86_64-arm-linux-gnueabihf/bin/../lib/gcc/arm-linux-gnueabihf/8.3.0/../../../../arm-linux-gnueabihf/lib/:/work/linux/rv1109/src/buildroot/output/rockchip_rv1126_rv1109/host/arm-buildroot-linux-gnueabihf/sysroot/lib/:/work/linux/rv1109/src/buildroot/output/rockchip_rv1126_rv1109/host/arm-buildroot-linux-gnueabihf/sysroot/usr/lib/
COLLECT_GCC_OPTIONS='-mabi=aapcs-linux' '-mfpu=neon-vfpv4' '-marm' '-mfloat-abi=hard' '-mcpu=cortex-a7' '-D' '_LARGEFILE_SOURCE' '-D' '_LARGEFILE64_SOURCE' '-D' '_FILE_OFFSET_BITS=64' '-Os' '-v' '-o' 'CMakeFiles/cmTC_4a116.dir/CMakeCCompilerABI.c.o' '-c' '-mtls-dialect=gnu' '-march=armv7ve+simd'
[2/2] Linking C executable cmTC_4a116
Using built-in specs.
COLLECT_GCC=/work/linux/rv1109/src/buildroot/../prebuilts/gcc/linux-x86/arm/gcc-arm-8.3-2019.03-x86_64-arm-linux-gnueabihf/bin/arm-linux-gnueabihf-gcc
COLLECT_LTO_WRAPPER=/work/linux/rv1109/src/prebuilts/gcc/linux-x86/arm/gcc-arm-8.3-2019.03-x86_64-arm-linux-gnueabihf/bin/../libexec/gcc/arm-linux-gnueabihf/8.3.0/lto-wrapper
Target: arm-linux-gnueabihf
Configured with: /tmp/dgboter/bbs/rhev-vm8--rhe6x86_64/buildbot/rhe6x86_64--arm-linux-gnueabihf/build/src/gcc/configure --target=arm-linux-gnueabihf --prefix= --with-sysroot=/arm-linux-gnueabihf/libc --with-build-sysroot=/tmp/dgboter/bbs/rhev-vm8--rhe6x86_64/buildbot/rhe6x86_64--arm-linux-gnueabihf/build/build-arm-linux-gnueabihf/install//arm-linux-gnueabihf/libc --with-bugurl=https://bugs.linaro.org/ --enable-gnu-indirect-function --enable-shared --disable-libssp --disable-libmudflap --enable-checking=release --enable-languages=c,c++,fortran --with-gmp=/tmp/dgboter/bbs/rhev-vm8--rhe6x86_64/buildbot/rhe6x86_64--arm-linux-gnueabihf/build/build-arm-linux-gnueabihf/host-tools --with-mpfr=/tmp/dgboter/bbs/rhev-vm8--rhe6x86_64/buildbot/rhe6x86_64--arm-linux-gnueabihf/build/build-arm-linux-gnueabihf/host-tools --with-mpc=/tmp/dgboter/bbs/rhev-vm8--rhe6x86_64/buildbot/rhe6x86_64--arm-linux-gnueabihf/build/build-arm-linux-gnueabihf/host-tools --with-isl=/tmp/dgboter/bbs/rhev-vm8--rhe6x86_64/buildbot/rhe6x86_64--arm-linux-gnueabihf/build/build-arm-linux-gnueabihf/host-tools --with-arch=armv7-a --with-fpu=neon --with-float=hard --with-arch=armv7-a --with-pkgversion='GNU Toolchain for the A-profile Architecture 8.3-2019.03 (arm-rel-8.36)'
Thread model: posix
gcc version 8.3.0 (GNU Toolchain for the A-profile Architecture 8.3-2019.03 (arm-rel-8.36)) 
COMPILER_PATH=/work/linux/rv1109/src/prebuilts/gcc/linux-x86/arm/gcc-arm-8.3-2019.03-x86_64-arm-linux-gnueabihf/bin/../libexec/gcc/arm-linux-gnueabihf/8.3.0/:/work/linux/rv1109/src/prebuilts/gcc/linux-x86/arm/gcc-arm-8.3-2019.03-x86_64-arm-linux-gnueabihf/bin/../libexec/gcc/:/work/linux/rv1109/src/prebuilts/gcc/linux-x86/arm/gcc-arm-8.3-2019.03-x86_64-arm-linux-gnueabihf/bin/../lib/gcc/arm-linux-gnueabihf/8.3.0/../../../../arm-linux-gnueabihf/bin/
LIBRARY_PATH=/work/linux/rv1109/src/prebuilts/gcc/linux-x86/arm/gcc-arm-8.3-2019.03-x86_64-arm-linux-gnueabihf/bin/../lib/gcc/arm-linux-gnueabihf/8.3.0/:/work/linux/rv1109/src/prebuilts/gcc/linux-x86/arm/gcc-arm-8.3-2019.03-x86_64-arm-linux-gnueabihf/bin/../lib/gcc/:/work/linux/rv1109/src/prebuilts/gcc/linux-x86/arm/gcc-arm-8.3-2019.03-x86_64-arm-linux-gnueabihf/bin/../lib/gcc/arm-linux-gnueabihf/8.3.0/../../../../arm-linux-gnueabihf/lib/:/work/linux/rv1109/src/buildroot/output/rockchip_rv1126_rv1109/host/arm-buildroot-linux-gnueabihf/sysroot/lib/:/work/linux/rv1109/src/buildroot/output/rockchip_rv1126_rv1109/host/arm-buildroot-linux-gnueabihf/sysroot/usr/lib/
COLLECT_GCC_OPTIONS='-mabi=aapcs-linux' '-mfpu=neon-vfpv4' '-marm' '-mfloat-abi=hard' '-mcpu=cortex-a7' '-D' '_LARGEFILE_SOURCE' '-D' '_LARGEFILE64_SOURCE' '-D' '_FILE_OFFSET_BITS=64' '-Os' '-v' '-rdynamic' '-o' 'cmTC_4a116' '-mtls-dialect=gnu' '-march=armv7ve+simd'
 /work/linux/rv1109/src/prebuilts/gcc/linux-x86/arm/gcc-arm-8.3-2019.03-x86_64-arm-linux-gnueabihf/bin/../libexec/gcc/arm-linux-gnueabihf/8.3.0/collect2 -plugin /work/linux/rv1109/src/prebuilts/gcc/linux-x86/arm/gcc-arm-8.3-2019.03-x86_64-arm-linux-gnueabihf/bin/../libexec/gcc/arm-linux-gnueabihf/8.3.0/liblto_plugin.so -plugin-opt=/work/linux/rv1109/src/prebuilts/gcc/linux-x86/arm/gcc-arm-8.3-2019.03-x86_64-arm-linux-gnueabihf/bin/../libexec/gcc/arm-linux-gnueabihf/8.3.0/lto-wrapper -plugin-opt=-fresolution=/tmp/cci2A0FL.res -plugin-opt=-pass-through=-lgcc -plugin-opt=-pass-through=-lgcc_s -plugin-opt=-pass-through=-lc -plugin-opt=-pass-through=-lgcc -plugin-opt=-pass-through=-lgcc_s --sysroot=/work/linux/rv1109/src/buildroot/output/rockchip_rv1126_rv1109/host/arm-buildroot-linux-gnueabihf/sysroot --eh-frame-hdr -export-dynamic -dynamic-linker /lib/ld-linux-armhf.so.3 -X -m armelf_linux_eabi -o cmTC_4a116 /work/linux/rv1109/src/buildroot/output/rockchip_rv1126_rv1109/host/arm-buildroot-linux-gnueabihf/sysroot/usr/lib/crt1.o /work/linux/rv1109/src/buildroot/output/rockchip_rv1126_rv1109/host/arm-buildroot-linux-gnueabihf/sysroot/usr/lib/crti.o /work/linux/rv1109/src/prebuilts/gcc/linux-x86/arm/gcc-arm-8.3-2019.03-x86_64-arm-linux-gnueabihf/bin/../lib/gcc/arm-linux-gnueabihf/8.3.0/crtbegin.o -L/work/linux/rv1109/src/prebuilts/gcc/linux-x86/arm/gcc-arm-8.3-2019.03-x86_64-arm-linux-gnueabihf/bin/../lib/gcc/arm-linux-gnueabihf/8.3.0 -L/work/linux/rv1109/src/prebuilts/gcc/linux-x86/arm/gcc-arm-8.3-2019.03-x86_64-arm-linux-gnueabihf/bin/../lib/gcc -L/work/linux/rv1109/src/prebuilts/gcc/linux-x86/arm/gcc-arm-8.3-2019.03-x86_64-arm-linux-gnueabihf/bin/../lib/gcc/arm-linux-gnueabihf/8.3.0/../../../../arm-linux-gnueabihf/lib -L/work/linux/rv1109/src/buildroot/output/rockchip_rv1126_rv1109/host/arm-buildroot-linux-gnueabihf/sysroot/lib -L/work/linux/rv1109/src/buildroot/output/rockchip_rv1126_rv1109/host/arm-buildroot-linux-gnueabihf/sysroot/usr/lib CMakeFiles/cmTC_4a116.dir/CMakeCCompilerABI.c.o -lgcc --as-needed -lgcc_s --no-as-needed -lc -lgcc --as-needed -lgcc_s --no-as-needed /work/linux/rv1109/src/prebuilts/gcc/linux-x86/arm/gcc-arm-8.3-2019.03-x86_64-arm-linux-gnueabihf/bin/../lib/gcc/arm-linux-gnueabihf/8.3.0/crtend.o /work/linux/rv1109/src/buildroot/output/rockchip_rv1126_rv1109/host/arm-buildroot-linux-gnueabihf/sysroot/usr/lib/crtn.o
COLLECT_GCC_OPTIONS='-mabi=aapcs-linux' '-mfpu=neon-vfpv4' '-marm' '-mfloat-abi=hard' '-mcpu=cortex-a7' '-D' '_LARGEFILE_SOURCE' '-D' '_LARGEFILE64_SOURCE' '-D' '_FILE_OFFSET_BITS=64' '-Os' '-v' '-rdynamic' '-o' 'cmTC_4a116' '-mtls-dialect=gnu' '-march=armv7ve+simd'



Parsed C implicit include dir info from above output: rv=done
  found start of include info
  found start of implicit include info
    add: [/work/linux/rv1109/src/prebuilts/gcc/linux-x86/arm/gcc-arm-8.3-2019.03-x86_64-arm-linux-gnueabihf/bin/../lib/gcc/arm-linux-gnueabihf/8.3.0/include]
    add: [/work/linux/rv1109/src/prebuilts/gcc/linux-x86/arm/gcc-arm-8.3-2019.03-x86_64-arm-linux-gnueabihf/bin/../lib/gcc/arm-linux-gnueabihf/8.3.0/include-fixed]
    add: [/work/linux/rv1109/src/prebuilts/gcc/linux-x86/arm/gcc-arm-8.3-2019.03-x86_64-arm-linux-gnueabihf/bin/../lib/gcc/arm-linux-gnueabihf/8.3.0/../../../../arm-linux-gnueabihf/include]
    add: [/work/linux/rv1109/src/buildroot/output/rockchip_rv1126_rv1109/host/arm-buildroot-linux-gnueabihf/sysroot/usr/include]
  end of search list found
  collapse include dir [/work/linux/rv1109/src/prebuilts/gcc/linux-x86/arm/gcc-arm-8.3-2019.03-x86_64-arm-linux-gnueabihf/bin/../lib/gcc/arm-linux-gnueabihf/8.3.0/include] ==> [/work/linux/rv1109/src/prebuilts/gcc/linux-x86/arm/gcc-arm-8.3-2019.03-x86_64-arm-linux-gnueabihf/lib/gcc/arm-linux-gnueabihf/8.3.0/include]
  collapse include dir [/work/linux/rv1109/src/prebuilts/gcc/linux-x86/arm/gcc-arm-8.3-2019.03-x86_64-arm-linux-gnueabihf/bin/../lib/gcc/arm-linux-gnueabihf/8.3.0/include-fixed] ==> [/work/linux/rv1109/src/prebuilts/gcc/linux-x86/arm/gcc-arm-8.3-2019.03-x86_64-arm-linux-gnueabihf/lib/gcc/arm-linux-gnueabihf/8.3.0/include-fixed]
  collapse include dir [/work/linux/rv1109/src/prebuilts/gcc/linux-x86/arm/gcc-arm-8.3-2019.03-x86_64-arm-linux-gnueabihf/bin/../lib/gcc/arm-linux-gnueabihf/8.3.0/../../../../arm-linux-gnueabihf/include] ==> [/work/linux/rv1109/src/prebuilts/gcc/linux-x86/arm/gcc-arm-8.3-2019.03-x86_64-arm-linux-gnueabihf/arm-linux-gnueabihf/include]
  collapse include dir [/work/linux/rv1109/src/buildroot/output/rockchip_rv1126_rv1109/host/arm-buildroot-linux-gnueabihf/sysroot/usr/include] ==> [/work/linux/rv1109/src/buildroot/output/rockchip_rv1126_rv1109/host/arm-buildroot-linux-gnueabihf/sysroot/usr/include]
  implicit include dirs: [/work/linux/rv1109/src/prebuilts/gcc/linux-x86/arm/gcc-arm-8.3-2019.03-x86_64-arm-linux-gnueabihf/lib/gcc/arm-linux-gnueabihf/8.3.0/include;/work/linux/rv1109/src/prebuilts/gcc/linux-x86/arm/gcc-arm-8.3-2019.03-x86_64-arm-linux-gnueabihf/lib/gcc/arm-linux-gnueabihf/8.3.0/include-fixed;/work/linux/rv1109/src/prebuilts/gcc/linux-x86/arm/gcc-arm-8.3-2019.03-x86_64-arm-linux-gnueabihf/arm-linux-gnueabihf/include;/work/linux/rv1109/src/buildroot/output/rockchip_rv1126_rv1109/host/arm-buildroot-linux-gnueabihf/sysroot/usr/include]


Parsed C implicit link information from above output:
  link line regex: [^( *|.*[/\])(arm-linux-gnueabihf-ld|CMAKE_LINK_STARTFILE-NOTFOUND|([^/\]+-)?ld|collect2)[^/\]*( |$)]
  ignore line: [Change Dir: /work/linux/rv1109/aiq-src/rk1109_isp_simulator/rk_aiq/build/linux/output/arm/CMakeFiles/CMakeTmp]
  ignore line: []
  ignore line: [Run Build Command(s):/work/linux/rv1109/src/buildroot/output/rockchip_rv1126_rv1109/host/bin/ninja cmTC_4a116 && [1/2] Building C object CMakeFiles/cmTC_4a116.dir/CMakeCCompilerABI.c.o]
  ignore line: [Using built-in specs.]
  ignore line: [COLLECT_GCC=/work/linux/rv1109/src/buildroot/../prebuilts/gcc/linux-x86/arm/gcc-arm-8.3-2019.03-x86_64-arm-linux-gnueabihf/bin/arm-linux-gnueabihf-gcc]
  ignore line: [Target: arm-linux-gnueabihf]
  ignore line: [Configured with: /tmp/dgboter/bbs/rhev-vm8--rhe6x86_64/buildbot/rhe6x86_64--arm-linux-gnueabihf/build/src/gcc/configure --target=arm-linux-gnueabihf --prefix= --with-sysroot=/arm-linux-gnueabihf/libc --with-build-sysroot=/tmp/dgboter/bbs/rhev-vm8--rhe6x86_64/buildbot/rhe6x86_64--arm-linux-gnueabihf/build/build-arm-linux-gnueabihf/install//arm-linux-gnueabihf/libc --with-bugurl=https://bugs.linaro.org/ --enable-gnu-indirect-function --enable-shared --disable-libssp --disable-libmudflap --enable-checking=release --enable-languages=c c++ fortran --with-gmp=/tmp/dgboter/bbs/rhev-vm8--rhe6x86_64/buildbot/rhe6x86_64--arm-linux-gnueabihf/build/build-arm-linux-gnueabihf/host-tools --with-mpfr=/tmp/dgboter/bbs/rhev-vm8--rhe6x86_64/buildbot/rhe6x86_64--arm-linux-gnueabihf/build/build-arm-linux-gnueabihf/host-tools --with-mpc=/tmp/dgboter/bbs/rhev-vm8--rhe6x86_64/buildbot/rhe6x86_64--arm-linux-gnueabihf/build/build-arm-linux-gnueabihf/host-tools --with-isl=/tmp/dgboter/bbs/rhev-vm8--rhe6x86_64/buildbot/rhe6x86_64--arm-linux-gnueabihf/build/build-arm-linux-gnueabihf/host-tools --with-arch=armv7-a --with-fpu=neon --with-float=hard --with-arch=armv7-a --with-pkgversion='GNU Toolchain for the A-profile Architecture 8.3-2019.03 (arm-rel-8.36)']
  ignore line: [Thread model: posix]
  ignore line: [gcc version 8.3.0 (GNU Toolchain for the A-profile Architecture 8.3-2019.03 (arm-rel-8.36)) ]
  ignore line: [COLLECT_GCC_OPTIONS='-mabi=aapcs-linux' '-mfpu=neon-vfpv4' '-marm' '-mfloat-abi=hard' '-mcpu=cortex-a7' '-D' '_LARGEFILE_SOURCE' '-D' '_LARGEFILE64_SOURCE' '-D' '_FILE_OFFSET_BITS=64' '-Os' '-v' '-o' 'CMakeFiles/cmTC_4a116.dir/CMakeCCompilerABI.c.o' '-c' '-mtls-dialect=gnu' '-march=armv7ve+simd']
  ignore line: [ /work/linux/rv1109/src/prebuilts/gcc/linux-x86/arm/gcc-arm-8.3-2019.03-x86_64-arm-linux-gnueabihf/bin/../libexec/gcc/arm-linux-gnueabihf/8.3.0/cc1 -quiet -v -iprefix /work/linux/rv1109/src/prebuilts/gcc/linux-x86/arm/gcc-arm-8.3-2019.03-x86_64-arm-linux-gnueabihf/bin/../lib/gcc/arm-linux-gnueabihf/8.3.0/ -isysroot /work/linux/rv1109/src/buildroot/output/rockchip_rv1126_rv1109/host/arm-buildroot-linux-gnueabihf/sysroot -D _LARGEFILE_SOURCE -D _LARGEFILE64_SOURCE -D _FILE_OFFSET_BITS=64 /usr/share/cmake-3.16/Modules/CMakeCCompilerABI.c -quiet -dumpbase CMakeCCompilerABI.c -mabi=aapcs-linux -mfpu=neon-vfpv4 -marm -mfloat-abi=hard -mcpu=cortex-a7 -mtls-dialect=gnu -march=armv7ve+simd -auxbase-strip CMakeFiles/cmTC_4a116.dir/CMakeCCompilerABI.c.o -Os -version -o /tmp/ccy48qDs.s]
  ignore line: [GNU C17 (GNU Toolchain for the A-profile Architecture 8.3-2019.03 (arm-rel-8.36)) version 8.3.0 (arm-linux-gnueabihf)]
  ignore line: [	compiled by GNU C version 4.8.1  GMP version 4.3.2  MPFR version 3.1.6  MPC version 0.8.2  isl version isl-0.15-1-g835ea3a-GMP]
  ignore line: []
  ignore line: [GGC heuristics: --param ggc-min-expand=100 --param ggc-min-heapsize=131072]
  ignore line: [ignoring duplicate directory "/work/linux/rv1109/src/prebuilts/gcc/linux-x86/arm/gcc-arm-8.3-2019.03-x86_64-arm-linux-gnueabihf/bin/../lib/gcc/../../lib/gcc/arm-linux-gnueabihf/8.3.0/include"]
  ignore line: [ignoring nonexistent directory "/work/linux/rv1109/src/buildroot/output/rockchip_rv1126_rv1109/host/arm-buildroot-linux-gnueabihf/sysroot/usr/local/include"]
  ignore line: [ignoring duplicate directory "/work/linux/rv1109/src/prebuilts/gcc/linux-x86/arm/gcc-arm-8.3-2019.03-x86_64-arm-linux-gnueabihf/bin/../lib/gcc/../../lib/gcc/arm-linux-gnueabihf/8.3.0/include-fixed"]
  ignore line: [ignoring duplicate directory "/work/linux/rv1109/src/prebuilts/gcc/linux-x86/arm/gcc-arm-8.3-2019.03-x86_64-arm-linux-gnueabihf/bin/../lib/gcc/../../lib/gcc/arm-linux-gnueabihf/8.3.0/../../../../arm-linux-gnueabihf/include"]
  ignore line: [#include "..." search starts here:]
  ignore line: [#include <...> search starts here:]
  ignore line: [ /work/linux/rv1109/src/prebuilts/gcc/linux-x86/arm/gcc-arm-8.3-2019.03-x86_64-arm-linux-gnueabihf/bin/../lib/gcc/arm-linux-gnueabihf/8.3.0/include]
  ignore line: [ /work/linux/rv1109/src/prebuilts/gcc/linux-x86/arm/gcc-arm-8.3-2019.03-x86_64-arm-linux-gnueabihf/bin/../lib/gcc/arm-linux-gnueabihf/8.3.0/include-fixed]
  ignore line: [ /work/linux/rv1109/src/prebuilts/gcc/linux-x86/arm/gcc-arm-8.3-2019.03-x86_64-arm-linux-gnueabihf/bin/../lib/gcc/arm-linux-gnueabihf/8.3.0/../../../../arm-linux-gnueabihf/include]
  ignore line: [ /work/linux/rv1109/src/buildroot/output/rockchip_rv1126_rv1109/host/arm-buildroot-linux-gnueabihf/sysroot/usr/include]
  ignore line: [End of search list.]
  ignore line: [GNU C17 (GNU Toolchain for the A-profile Architecture 8.3-2019.03 (arm-rel-8.36)) version 8.3.0 (arm-linux-gnueabihf)]
  ignore line: [	compiled by GNU C version 4.8.1  GMP version 4.3.2  MPFR version 3.1.6  MPC version 0.8.2  isl version isl-0.15-1-g835ea3a-GMP]
  ignore line: []
  ignore line: [GGC heuristics: --param ggc-min-expand=100 --param ggc-min-heapsize=131072]
  ignore line: [Compiler executable checksum: 7f73d02f5a647c367ef9cbd0ddc0248c]
  ignore line: [COLLECT_GCC_OPTIONS='-mabi=aapcs-linux' '-mfpu=neon-vfpv4' '-marm' '-mfloat-abi=hard' '-mcpu=cortex-a7' '-D' '_LARGEFILE_SOURCE' '-D' '_LARGEFILE64_SOURCE' '-D' '_FILE_OFFSET_BITS=64' '-Os' '-v' '-o' 'CMakeFiles/cmTC_4a116.dir/CMakeCCompilerABI.c.o' '-c' '-mtls-dialect=gnu' '-march=armv7ve+simd']
  ignore line: [ /work/linux/rv1109/src/prebuilts/gcc/linux-x86/arm/gcc-arm-8.3-2019.03-x86_64-arm-linux-gnueabihf/bin/../lib/gcc/arm-linux-gnueabihf/8.3.0/../../../../arm-linux-gnueabihf/bin/as -v -march=armv7ve -mfloat-abi=hard -mfpu=neon-vfpv4 -meabi=5 -o CMakeFiles/cmTC_4a116.dir/CMakeCCompilerABI.c.o /tmp/ccy48qDs.s]
  ignore line: [GNU assembler version 2.32.0 (arm-linux-gnueabihf) using BFD version (GNU Toolchain for the A-profile Architecture 8.3-2019.03 (arm-rel-8.36)) 2.32.0.20190321]
  ignore line: [COMPILER_PATH=/work/linux/rv1109/src/prebuilts/gcc/linux-x86/arm/gcc-arm-8.3-2019.03-x86_64-arm-linux-gnueabihf/bin/../libexec/gcc/arm-linux-gnueabihf/8.3.0/:/work/linux/rv1109/src/prebuilts/gcc/linux-x86/arm/gcc-arm-8.3-2019.03-x86_64-arm-linux-gnueabihf/bin/../libexec/gcc/:/work/linux/rv1109/src/prebuilts/gcc/linux-x86/arm/gcc-arm-8.3-2019.03-x86_64-arm-linux-gnueabihf/bin/../lib/gcc/arm-linux-gnueabihf/8.3.0/../../../../arm-linux-gnueabihf/bin/]
  ignore line: [LIBRARY_PATH=/work/linux/rv1109/src/prebuilts/gcc/linux-x86/arm/gcc-arm-8.3-2019.03-x86_64-arm-linux-gnueabihf/bin/../lib/gcc/arm-linux-gnueabihf/8.3.0/:/work/linux/rv1109/src/prebuilts/gcc/linux-x86/arm/gcc-arm-8.3-2019.03-x86_64-arm-linux-gnueabihf/bin/../lib/gcc/:/work/linux/rv1109/src/prebuilts/gcc/linux-x86/arm/gcc-arm-8.3-2019.03-x86_64-arm-linux-gnueabihf/bin/../lib/gcc/arm-linux-gnueabihf/8.3.0/../../../../arm-linux-gnueabihf/lib/:/work/linux/rv1109/src/buildroot/output/rockchip_rv1126_rv1109/host/arm-buildroot-linux-gnueabihf/sysroot/lib/:/work/linux/rv1109/src/buildroot/output/rockchip_rv1126_rv1109/host/arm-buildroot-linux-gnueabihf/sysroot/usr/lib/]
  ignore line: [COLLECT_GCC_OPTIONS='-mabi=aapcs-linux' '-mfpu=neon-vfpv4' '-marm' '-mfloat-abi=hard' '-mcpu=cortex-a7' '-D' '_LARGEFILE_SOURCE' '-D' '_LARGEFILE64_SOURCE' '-D' '_FILE_OFFSET_BITS=64' '-Os' '-v' '-o' 'CMakeFiles/cmTC_4a116.dir/CMakeCCompilerABI.c.o' '-c' '-mtls-dialect=gnu' '-march=armv7ve+simd']
  ignore line: [[2/2] Linking C executable cmTC_4a116]
  ignore line: [Using built-in specs.]
  ignore line: [COLLECT_GCC=/work/linux/rv1109/src/buildroot/../prebuilts/gcc/linux-x86/arm/gcc-arm-8.3-2019.03-x86_64-arm-linux-gnueabihf/bin/arm-linux-gnueabihf-gcc]
  ignore line: [COLLECT_LTO_WRAPPER=/work/linux/rv1109/src/prebuilts/gcc/linux-x86/arm/gcc-arm-8.3-2019.03-x86_64-arm-linux-gnueabihf/bin/../libexec/gcc/arm-linux-gnueabihf/8.3.0/lto-wrapper]
  ignore line: [Target: arm-linux-gnueabihf]
  ignore line: [Configured with: /tmp/dgboter/bbs/rhev-vm8--rhe6x86_64/buildbot/rhe6x86_64--arm-linux-gnueabihf/build/src/gcc/configure --target=arm-linux-gnueabihf --prefix= --with-sysroot=/arm-linux-gnueabihf/libc --with-build-sysroot=/tmp/dgboter/bbs/rhev-vm8--rhe6x86_64/buildbot/rhe6x86_64--arm-linux-gnueabihf/build/build-arm-linux-gnueabihf/install//arm-linux-gnueabihf/libc --with-bugurl=https://bugs.linaro.org/ --enable-gnu-indirect-function --enable-shared --disable-libssp --disable-libmudflap --enable-checking=release --enable-languages=c c++ fortran --with-gmp=/tmp/dgboter/bbs/rhev-vm8--rhe6x86_64/buildbot/rhe6x86_64--arm-linux-gnueabihf/build/build-arm-linux-gnueabihf/host-tools --with-mpfr=/tmp/dgboter/bbs/rhev-vm8--rhe6x86_64/buildbot/rhe6x86_64--arm-linux-gnueabihf/build/build-arm-linux-gnueabihf/host-tools --with-mpc=/tmp/dgboter/bbs/rhev-vm8--rhe6x86_64/buildbot/rhe6x86_64--arm-linux-gnueabihf/build/build-arm-linux-gnueabihf/host-tools --with-isl=/tmp/dgboter/bbs/rhev-vm8--rhe6x86_64/buildbot/rhe6x86_64--arm-linux-gnueabihf/build/build-arm-linux-gnueabihf/host-tools --with-arch=armv7-a --with-fpu=neon --with-float=hard --with-arch=armv7-a --with-pkgversion='GNU Toolchain for the A-profile Architecture 8.3-2019.03 (arm-rel-8.36)']
  ignore line: [Thread model: posix]
  ignore line: [gcc version 8.3.0 (GNU Toolchain for the A-profile Architecture 8.3-2019.03 (arm-rel-8.36)) ]
  ignore line: [COMPILER_PATH=/work/linux/rv1109/src/prebuilts/gcc/linux-x86/arm/gcc-arm-8.3-2019.03-x86_64-arm-linux-gnueabihf/bin/../libexec/gcc/arm-linux-gnueabihf/8.3.0/:/work/linux/rv1109/src/prebuilts/gcc/linux-x86/arm/gcc-arm-8.3-2019.03-x86_64-arm-linux-gnueabihf/bin/../libexec/gcc/:/work/linux/rv1109/src/prebuilts/gcc/linux-x86/arm/gcc-arm-8.3-2019.03-x86_64-arm-linux-gnueabihf/bin/../lib/gcc/arm-linux-gnueabihf/8.3.0/../../../../arm-linux-gnueabihf/bin/]
  ignore line: [LIBRARY_PATH=/work/linux/rv1109/src/prebuilts/gcc/linux-x86/arm/gcc-arm-8.3-2019.03-x86_64-arm-linux-gnueabihf/bin/../lib/gcc/arm-linux-gnueabihf/8.3.0/:/work/linux/rv1109/src/prebuilts/gcc/linux-x86/arm/gcc-arm-8.3-2019.03-x86_64-arm-linux-gnueabihf/bin/../lib/gcc/:/work/linux/rv1109/src/prebuilts/gcc/linux-x86/arm/gcc-arm-8.3-2019.03-x86_64-arm-linux-gnueabihf/bin/../lib/gcc/arm-linux-gnueabihf/8.3.0/../../../../arm-linux-gnueabihf/lib/:/work/linux/rv1109/src/buildroot/output/rockchip_rv1126_rv1109/host/arm-buildroot-linux-gnueabihf/sysroot/lib/:/work/linux/rv1109/src/buildroot/output/rockchip_rv1126_rv1109/host/arm-buildroot-linux-gnueabihf/sysroot/usr/lib/]
  ignore line: [COLLECT_GCC_OPTIONS='-mabi=aapcs-linux' '-mfpu=neon-vfpv4' '-marm' '-mfloat-abi=hard' '-mcpu=cortex-a7' '-D' '_LARGEFILE_SOURCE' '-D' '_LARGEFILE64_SOURCE' '-D' '_FILE_OFFSET_BITS=64' '-Os' '-v' '-rdynamic' '-o' 'cmTC_4a116' '-mtls-dialect=gnu' '-march=armv7ve+simd']
  link line: [ /work/linux/rv1109/src/prebuilts/gcc/linux-x86/arm/gcc-arm-8.3-2019.03-x86_64-arm-linux-gnueabihf/bin/../libexec/gcc/arm-linux-gnueabihf/8.3.0/collect2 -plugin /work/linux/rv1109/src/prebuilts/gcc/linux-x86/arm/gcc-arm-8.3-2019.03-x86_64-arm-linux-gnueabihf/bin/../libexec/gcc/arm-linux-gnueabihf/8.3.0/liblto_plugin.so -plugin-opt=/work/linux/rv1109/src/prebuilts/gcc/linux-x86/arm/gcc-arm-8.3-2019.03-x86_64-arm-linux-gnueabihf/bin/../libexec/gcc/arm-linux-gnueabihf/8.3.0/lto-wrapper -plugin-opt=-fresolution=/tmp/cci2A0FL.res -plugin-opt=-pass-through=-lgcc -plugin-opt=-pass-through=-lgcc_s -plugin-opt=-pass-through=-lc -plugin-opt=-pass-through=-lgcc -plugin-opt=-pass-through=-lgcc_s --sysroot=/work/linux/rv1109/src/buildroot/output/rockchip_rv1126_rv1109/host/arm-buildroot-linux-gnueabihf/sysroot --eh-frame-hdr -export-dynamic -dynamic-linker /lib/ld-linux-armhf.so.3 -X -m armelf_linux_eabi -o cmTC_4a116 /work/linux/rv1109/src/buildroot/output/rockchip_rv1126_rv1109/host/arm-buildroot-linux-gnueabihf/sysroot/usr/lib/crt1.o /work/linux/rv1109/src/buildroot/output/rockchip_rv1126_rv1109/host/arm-buildroot-linux-gnueabihf/sysroot/usr/lib/crti.o /work/linux/rv1109/src/prebuilts/gcc/linux-x86/arm/gcc-arm-8.3-2019.03-x86_64-arm-linux-gnueabihf/bin/../lib/gcc/arm-linux-gnueabihf/8.3.0/crtbegin.o -L/work/linux/rv1109/src/prebuilts/gcc/linux-x86/arm/gcc-arm-8.3-2019.03-x86_64-arm-linux-gnueabihf/bin/../lib/gcc/arm-linux-gnueabihf/8.3.0 -L/work/linux/rv1109/src/prebuilts/gcc/linux-x86/arm/gcc-arm-8.3-2019.03-x86_64-arm-linux-gnueabihf/bin/../lib/gcc -L/work/linux/rv1109/src/prebuilts/gcc/linux-x86/arm/gcc-arm-8.3-2019.03-x86_64-arm-linux-gnueabihf/bin/../lib/gcc/arm-linux-gnueabihf/8.3.0/../../../../arm-linux-gnueabihf/lib -L/work/linux/rv1109/src/buildroot/output/rockchip_rv1126_rv1109/host/arm-buildroot-linux-gnueabihf/sysroot/lib -L/work/linux/rv1109/src/buildroot/output/rockchip_rv1126_rv1109/host/arm-buildroot-linux-gnueabihf/sysroot/usr/lib CMakeFiles/cmTC_4a116.dir/CMakeCCompilerABI.c.o -lgcc --as-needed -lgcc_s --no-as-needed -lc -lgcc --as-needed -lgcc_s --no-as-needed /work/linux/rv1109/src/prebuilts/gcc/linux-x86/arm/gcc-arm-8.3-2019.03-x86_64-arm-linux-gnueabihf/bin/../lib/gcc/arm-linux-gnueabihf/8.3.0/crtend.o /work/linux/rv1109/src/buildroot/output/rockchip_rv1126_rv1109/host/arm-buildroot-linux-gnueabihf/sysroot/usr/lib/crtn.o]
    arg [/work/linux/rv1109/src/prebuilts/gcc/linux-x86/arm/gcc-arm-8.3-2019.03-x86_64-arm-linux-gnueabihf/bin/../libexec/gcc/arm-linux-gnueabihf/8.3.0/collect2] ==> ignore
    arg [-plugin] ==> ignore
    arg [/work/linux/rv1109/src/prebuilts/gcc/linux-x86/arm/gcc-arm-8.3-2019.03-x86_64-arm-linux-gnueabihf/bin/../libexec/gcc/arm-linux-gnueabihf/8.3.0/liblto_plugin.so] ==> ignore
    arg [-plugin-opt=/work/linux/rv1109/src/prebuilts/gcc/linux-x86/arm/gcc-arm-8.3-2019.03-x86_64-arm-linux-gnueabihf/bin/../libexec/gcc/arm-linux-gnueabihf/8.3.0/lto-wrapper] ==> ignore
    arg [-plugin-opt=-fresolution=/tmp/cci2A0FL.res] ==> ignore
    arg [-plugin-opt=-pass-through=-lgcc] ==> ignore
    arg [-plugin-opt=-pass-through=-lgcc_s] ==> ignore
    arg [-plugin-opt=-pass-through=-lc] ==> ignore
    arg [-plugin-opt=-pass-through=-lgcc] ==> ignore
    arg [-plugin-opt=-pass-through=-lgcc_s] ==> ignore
    arg [--sysroot=/work/linux/rv1109/src/buildroot/output/rockchip_rv1126_rv1109/host/arm-buildroot-linux-gnueabihf/sysroot] ==> ignore
    arg [--eh-frame-hdr] ==> ignore
    arg [-export-dynamic] ==> ignore
    arg [-dynamic-linker] ==> ignore
    arg [/lib/ld-linux-armhf.so.3] ==> ignore
    arg [-X] ==> ignore
    arg [-m] ==> ignore
    arg [armelf_linux_eabi] ==> ignore
    arg [-o] ==> ignore
    arg [cmTC_4a116] ==> ignore
    arg [/work/linux/rv1109/src/buildroot/output/rockchip_rv1126_rv1109/host/arm-buildroot-linux-gnueabihf/sysroot/usr/lib/crt1.o] ==> ignore
    arg [/work/linux/rv1109/src/buildroot/output/rockchip_rv1126_rv1109/host/arm-buildroot-linux-gnueabihf/sysroot/usr/lib/crti.o] ==> ignore
    arg [/work/linux/rv1109/src/prebuilts/gcc/linux-x86/arm/gcc-arm-8.3-2019.03-x86_64-arm-linux-gnueabihf/bin/../lib/gcc/arm-linux-gnueabihf/8.3.0/crtbegin.o] ==> ignore
    arg [-L/work/linux/rv1109/src/prebuilts/gcc/linux-x86/arm/gcc-arm-8.3-2019.03-x86_64-arm-linux-gnueabihf/bin/../lib/gcc/arm-linux-gnueabihf/8.3.0] ==> dir [/work/linux/rv1109/src/prebuilts/gcc/linux-x86/arm/gcc-arm-8.3-2019.03-x86_64-arm-linux-gnueabihf/bin/../lib/gcc/arm-linux-gnueabihf/8.3.0]
    arg [-L/work/linux/rv1109/src/prebuilts/gcc/linux-x86/arm/gcc-arm-8.3-2019.03-x86_64-arm-linux-gnueabihf/bin/../lib/gcc] ==> dir [/work/linux/rv1109/src/prebuilts/gcc/linux-x86/arm/gcc-arm-8.3-2019.03-x86_64-arm-linux-gnueabihf/bin/../lib/gcc]
    arg [-L/work/linux/rv1109/src/prebuilts/gcc/linux-x86/arm/gcc-arm-8.3-2019.03-x86_64-arm-linux-gnueabihf/bin/../lib/gcc/arm-linux-gnueabihf/8.3.0/../../../../arm-linux-gnueabihf/lib] ==> dir [/work/linux/rv1109/src/prebuilts/gcc/linux-x86/arm/gcc-arm-8.3-2019.03-x86_64-arm-linux-gnueabihf/bin/../lib/gcc/arm-linux-gnueabihf/8.3.0/../../../../arm-linux-gnueabihf/lib]
    arg [-L/work/linux/rv1109/src/buildroot/output/rockchip_rv1126_rv1109/host/arm-buildroot-linux-gnueabihf/sysroot/lib] ==> dir [/work/linux/rv1109/src/buildroot/output/rockchip_rv1126_rv1109/host/arm-buildroot-linux-gnueabihf/sysroot/lib]
    arg [-L/work/linux/rv1109/src/buildroot/output/rockchip_rv1126_rv1109/host/arm-buildroot-linux-gnueabihf/sysroot/usr/lib] ==> dir [/work/linux/rv1109/src/buildroot/output/rockchip_rv1126_rv1109/host/arm-buildroot-linux-gnueabihf/sysroot/usr/lib]
    arg [CMakeFiles/cmTC_4a116.dir/CMakeCCompilerABI.c.o] ==> ignore
    arg [-lgcc] ==> lib [gcc]
    arg [--as-needed] ==> ignore
    arg [-lgcc_s] ==> lib [gcc_s]
    arg [--no-as-needed] ==> ignore
    arg [-lc] ==> lib [c]
    arg [-lgcc] ==> lib [gcc]
    arg [--as-needed] ==> ignore
    arg [-lgcc_s] ==> lib [gcc_s]
    arg [--no-as-needed] ==> ignore
    arg [/work/linux/rv1109/src/prebuilts/gcc/linux-x86/arm/gcc-arm-8.3-2019.03-x86_64-arm-linux-gnueabihf/bin/../lib/gcc/arm-linux-gnueabihf/8.3.0/crtend.o] ==> ignore
    arg [/work/linux/rv1109/src/buildroot/output/rockchip_rv1126_rv1109/host/arm-buildroot-linux-gnueabihf/sysroot/usr/lib/crtn.o] ==> ignore
  collapse library dir [/work/linux/rv1109/src/prebuilts/gcc/linux-x86/arm/gcc-arm-8.3-2019.03-x86_64-arm-linux-gnueabihf/bin/../lib/gcc/arm-linux-gnueabihf/8.3.0] ==> [/work/linux/rv1109/src/prebuilts/gcc/linux-x86/arm/gcc-arm-8.3-2019.03-x86_64-arm-linux-gnueabihf/lib/gcc/arm-linux-gnueabihf/8.3.0]
  collapse library dir [/work/linux/rv1109/src/prebuilts/gcc/linux-x86/arm/gcc-arm-8.3-2019.03-x86_64-arm-linux-gnueabihf/bin/../lib/gcc] ==> [/work/linux/rv1109/src/prebuilts/gcc/linux-x86/arm/gcc-arm-8.3-2019.03-x86_64-arm-linux-gnueabihf/lib/gcc]
  collapse library dir [/work/linux/rv1109/src/prebuilts/gcc/linux-x86/arm/gcc-arm-8.3-2019.03-x86_64-arm-linux-gnueabihf/bin/../lib/gcc/arm-linux-gnueabihf/8.3.0/../../../../arm-linux-gnueabihf/lib] ==> [/work/linux/rv1109/src/prebuilts/gcc/linux-x86/arm/gcc-arm-8.3-2019.03-x86_64-arm-linux-gnueabihf/arm-linux-gnueabihf/lib]
  collapse library dir [/work/linux/rv1109/src/buildroot/output/rockchip_rv1126_rv1109/host/arm-buildroot-linux-gnueabihf/sysroot/lib] ==> [/work/linux/rv1109/src/buildroot/output/rockchip_rv1126_rv1109/host/arm-buildroot-linux-gnueabihf/sysroot/lib]
  collapse library dir [/work/linux/rv1109/src/buildroot/output/rockchip_rv1126_rv1109/host/arm-buildroot-linux-gnueabihf/sysroot/usr/lib] ==> [/work/linux/rv1109/src/buildroot/output/rockchip_rv1126_rv1109/host/arm-buildroot-linux-gnueabihf/sysroot/usr/lib]
  implicit libs: [gcc;gcc_s;c;gcc;gcc_s]
  implicit dirs: [/work/linux/rv1109/src/prebuilts/gcc/linux-x86/arm/gcc-arm-8.3-2019.03-x86_64-arm-linux-gnueabihf/lib/gcc/arm-linux-gnueabihf/8.3.0;/work/linux/rv1109/src/prebuilts/gcc/linux-x86/arm/gcc-arm-8.3-2019.03-x86_64-arm-linux-gnueabihf/lib/gcc;/work/linux/rv1109/src/prebuilts/gcc/linux-x86/arm/gcc-arm-8.3-2019.03-x86_64-arm-linux-gnueabihf/arm-linux-gnueabihf/lib;/work/linux/rv1109/src/buildroot/output/rockchip_rv1126_rv1109/host/arm-buildroot-linux-gnueabihf/sysroot/lib;/work/linux/rv1109/src/buildroot/output/rockchip_rv1126_rv1109/host/arm-buildroot-linux-gnueabihf/sysroot/usr/lib]
  implicit fwks: []


Determining if the CXX compiler works passed with the following output:
Change Dir: /work/linux/rv1109/aiq-src/rk1109_isp_simulator/rk_aiq/build/linux/output/arm/CMakeFiles/CMakeTmp

Run Build Command(s):/work/linux/rv1109/src/buildroot/output/rockchip_rv1126_rv1109/host/bin/ninja cmTC_760b9 && [1/2] Building CXX object CMakeFiles/cmTC_760b9.dir/testCXXCompiler.cxx.o
[2/2] Linking CXX executable cmTC_760b9



Detecting CXX compiler ABI info compiled with the following output:
Change Dir: /work/linux/rv1109/aiq-src/rk1109_isp_simulator/rk_aiq/build/linux/output/arm/CMakeFiles/CMakeTmp

Run Build Command(s):/work/linux/rv1109/src/buildroot/output/rockchip_rv1126_rv1109/host/bin/ninja cmTC_aee42 && [1/2] Building CXX object CMakeFiles/cmTC_aee42.dir/CMakeCXXCompilerABI.cpp.o
Using built-in specs.
COLLECT_GCC=/work/linux/rv1109/src/buildroot/../prebuilts/gcc/linux-x86/arm/gcc-arm-8.3-2019.03-x86_64-arm-linux-gnueabihf/bin/arm-linux-gnueabihf-g++
Target: arm-linux-gnueabihf
Configured with: /tmp/dgboter/bbs/rhev-vm8--rhe6x86_64/buildbot/rhe6x86_64--arm-linux-gnueabihf/build/src/gcc/configure --target=arm-linux-gnueabihf --prefix= --with-sysroot=/arm-linux-gnueabihf/libc --with-build-sysroot=/tmp/dgboter/bbs/rhev-vm8--rhe6x86_64/buildbot/rhe6x86_64--arm-linux-gnueabihf/build/build-arm-linux-gnueabihf/install//arm-linux-gnueabihf/libc --with-bugurl=https://bugs.linaro.org/ --enable-gnu-indirect-function --enable-shared --disable-libssp --disable-libmudflap --enable-checking=release --enable-languages=c,c++,fortran --with-gmp=/tmp/dgboter/bbs/rhev-vm8--rhe6x86_64/buildbot/rhe6x86_64--arm-linux-gnueabihf/build/build-arm-linux-gnueabihf/host-tools --with-mpfr=/tmp/dgboter/bbs/rhev-vm8--rhe6x86_64/buildbot/rhe6x86_64--arm-linux-gnueabihf/build/build-arm-linux-gnueabihf/host-tools --with-mpc=/tmp/dgboter/bbs/rhev-vm8--rhe6x86_64/buildbot/rhe6x86_64--arm-linux-gnueabihf/build/build-arm-linux-gnueabihf/host-tools --with-isl=/tmp/dgboter/bbs/rhev-vm8--rhe6x86_64/buildbot/rhe6x86_64--arm-linux-gnueabihf/build/build-arm-linux-gnueabihf/host-tools --with-arch=armv7-a --with-fpu=neon --with-float=hard --with-arch=armv7-a --with-pkgversion='GNU Toolchain for the A-profile Architecture 8.3-2019.03 (arm-rel-8.36)'
Thread model: posix
gcc version 8.3.0 (GNU Toolchain for the A-profile Architecture 8.3-2019.03 (arm-rel-8.36)) 
COLLECT_GCC_OPTIONS='-mabi=aapcs-linux' '-mfpu=neon-vfpv4' '-marm' '-mfloat-abi=hard' '-mcpu=cortex-a7' '-D' '_LARGEFILE_SOURCE' '-D' '_LARGEFILE64_SOURCE' '-D' '_FILE_OFFSET_BITS=64' '-Os' '-v' '-o' 'CMakeFiles/cmTC_aee42.dir/CMakeCXXCompilerABI.cpp.o' '-c' '-shared-libgcc' '-mtls-dialect=gnu' '-march=armv7ve+simd'
 /work/linux/rv1109/src/prebuilts/gcc/linux-x86/arm/gcc-arm-8.3-2019.03-x86_64-arm-linux-gnueabihf/bin/../libexec/gcc/arm-linux-gnueabihf/8.3.0/cc1plus -quiet -v -iprefix /work/linux/rv1109/src/prebuilts/gcc/linux-x86/arm/gcc-arm-8.3-2019.03-x86_64-arm-linux-gnueabihf/bin/../lib/gcc/arm-linux-gnueabihf/8.3.0/ -isysroot /work/linux/rv1109/src/buildroot/output/rockchip_rv1126_rv1109/host/arm-buildroot-linux-gnueabihf/sysroot -D_GNU_SOURCE -D _LARGEFILE_SOURCE -D _LARGEFILE64_SOURCE -D _FILE_OFFSET_BITS=64 /usr/share/cmake-3.16/Modules/CMakeCXXCompilerABI.cpp -quiet -dumpbase CMakeCXXCompilerABI.cpp -mabi=aapcs-linux -mfpu=neon-vfpv4 -marm -mfloat-abi=hard -mcpu=cortex-a7 -mtls-dialect=gnu -march=armv7ve+simd -auxbase-strip CMakeFiles/cmTC_aee42.dir/CMakeCXXCompilerABI.cpp.o -Os -version -o /tmp/ccLABZKY.s
GNU C++14 (GNU Toolchain for the A-profile Architecture 8.3-2019.03 (arm-rel-8.36)) version 8.3.0 (arm-linux-gnueabihf)
	compiled by GNU C version 4.8.1, GMP version 4.3.2, MPFR version 3.1.6, MPC version 0.8.2, isl version isl-0.15-1-g835ea3a-GMP

GGC heuristics: --param ggc-min-expand=100 --param ggc-min-heapsize=131072
ignoring duplicate directory "/work/linux/rv1109/src/prebuilts/gcc/linux-x86/arm/gcc-arm-8.3-2019.03-x86_64-arm-linux-gnueabihf/bin/../lib/gcc/../../lib/gcc/arm-linux-gnueabihf/8.3.0/../../../../arm-linux-gnueabihf/include/c++/8.3.0"
ignoring duplicate directory "/work/linux/rv1109/src/prebuilts/gcc/linux-x86/arm/gcc-arm-8.3-2019.03-x86_64-arm-linux-gnueabihf/bin/../lib/gcc/../../lib/gcc/arm-linux-gnueabihf/8.3.0/../../../../arm-linux-gnueabihf/include/c++/8.3.0/arm-linux-gnueabihf"
ignoring duplicate directory "/work/linux/rv1109/src/prebuilts/gcc/linux-x86/arm/gcc-arm-8.3-2019.03-x86_64-arm-linux-gnueabihf/bin/../lib/gcc/../../lib/gcc/arm-linux-gnueabihf/8.3.0/../../../../arm-linux-gnueabihf/include/c++/8.3.0/backward"
ignoring duplicate directory "/work/linux/rv1109/src/prebuilts/gcc/linux-x86/arm/gcc-arm-8.3-2019.03-x86_64-arm-linux-gnueabihf/bin/../lib/gcc/../../lib/gcc/arm-linux-gnueabihf/8.3.0/include"
ignoring nonexistent directory "/work/linux/rv1109/src/buildroot/output/rockchip_rv1126_rv1109/host/arm-buildroot-linux-gnueabihf/sysroot/usr/local/include"
ignoring duplicate directory "/work/linux/rv1109/src/prebuilts/gcc/linux-x86/arm/gcc-arm-8.3-2019.03-x86_64-arm-linux-gnueabihf/bin/../lib/gcc/../../lib/gcc/arm-linux-gnueabihf/8.3.0/include-fixed"
ignoring duplicate directory "/work/linux/rv1109/src/prebuilts/gcc/linux-x86/arm/gcc-arm-8.3-2019.03-x86_64-arm-linux-gnueabihf/bin/../lib/gcc/../../lib/gcc/arm-linux-gnueabihf/8.3.0/../../../../arm-linux-gnueabihf/include"
#include "..." search starts here:
#include <...> search starts here:
 /work/linux/rv1109/src/prebuilts/gcc/linux-x86/arm/gcc-arm-8.3-2019.03-x86_64-arm-linux-gnueabihf/bin/../lib/gcc/arm-linux-gnueabihf/8.3.0/../../../../arm-linux-gnueabihf/include/c++/8.3.0
 /work/linux/rv1109/src/prebuilts/gcc/linux-x86/arm/gcc-arm-8.3-2019.03-x86_64-arm-linux-gnueabihf/bin/../lib/gcc/arm-linux-gnueabihf/8.3.0/../../../../arm-linux-gnueabihf/include/c++/8.3.0/arm-linux-gnueabihf
 /work/linux/rv1109/src/prebuilts/gcc/linux-x86/arm/gcc-arm-8.3-2019.03-x86_64-arm-linux-gnueabihf/bin/../lib/gcc/arm-linux-gnueabihf/8.3.0/../../../../arm-linux-gnueabihf/include/c++/8.3.0/backward
 /work/linux/rv1109/src/prebuilts/gcc/linux-x86/arm/gcc-arm-8.3-2019.03-x86_64-arm-linux-gnueabihf/bin/../lib/gcc/arm-linux-gnueabihf/8.3.0/include
 /work/linux/rv1109/src/prebuilts/gcc/linux-x86/arm/gcc-arm-8.3-2019.03-x86_64-arm-linux-gnueabihf/bin/../lib/gcc/arm-linux-gnueabihf/8.3.0/include-fixed
 /work/linux/rv1109/src/prebuilts/gcc/linux-x86/arm/gcc-arm-8.3-2019.03-x86_64-arm-linux-gnueabihf/bin/../lib/gcc/arm-linux-gnueabihf/8.3.0/../../../../arm-linux-gnueabihf/include
 /work/linux/rv1109/src/buildroot/output/rockchip_rv1126_rv1109/host/arm-buildroot-linux-gnueabihf/sysroot/usr/include
End of search list.
GNU C++14 (GNU Toolchain for the A-profile Architecture 8.3-2019.03 (arm-rel-8.36)) version 8.3.0 (arm-linux-gnueabihf)
	compiled by GNU C version 4.8.1, GMP version 4.3.2, MPFR version 3.1.6, MPC version 0.8.2, isl version isl-0.15-1-g835ea3a-GMP

GGC heuristics: --param ggc-min-expand=100 --param ggc-min-heapsize=131072
Compiler executable checksum: 8a85cb0d2d2ff66df776d19db4ea2416
COLLECT_GCC_OPTIONS='-mabi=aapcs-linux' '-mfpu=neon-vfpv4' '-marm' '-mfloat-abi=hard' '-mcpu=cortex-a7' '-D' '_LARGEFILE_SOURCE' '-D' '_LARGEFILE64_SOURCE' '-D' '_FILE_OFFSET_BITS=64' '-Os' '-v' '-o' 'CMakeFiles/cmTC_aee42.dir/CMakeCXXCompilerABI.cpp.o' '-c' '-shared-libgcc' '-mtls-dialect=gnu' '-march=armv7ve+simd'
 /work/linux/rv1109/src/prebuilts/gcc/linux-x86/arm/gcc-arm-8.3-2019.03-x86_64-arm-linux-gnueabihf/bin/../lib/gcc/arm-linux-gnueabihf/8.3.0/../../../../arm-linux-gnueabihf/bin/as -v -march=armv7ve -mfloat-abi=hard -mfpu=neon-vfpv4 -meabi=5 -o CMakeFiles/cmTC_aee42.dir/CMakeCXXCompilerABI.cpp.o /tmp/ccLABZKY.s
GNU assembler version 2.32.0 (arm-linux-gnueabihf) using BFD version (GNU Toolchain for the A-profile Architecture 8.3-2019.03 (arm-rel-8.36)) 2.32.0.20190321
COMPILER_PATH=/work/linux/rv1109/src/prebuilts/gcc/linux-x86/arm/gcc-arm-8.3-2019.03-x86_64-arm-linux-gnueabihf/bin/../libexec/gcc/arm-linux-gnueabihf/8.3.0/:/work/linux/rv1109/src/prebuilts/gcc/linux-x86/arm/gcc-arm-8.3-2019.03-x86_64-arm-linux-gnueabihf/bin/../libexec/gcc/:/work/linux/rv1109/src/prebuilts/gcc/linux-x86/arm/gcc-arm-8.3-2019.03-x86_64-arm-linux-gnueabihf/bin/../lib/gcc/arm-linux-gnueabihf/8.3.0/../../../../arm-linux-gnueabihf/bin/
LIBRARY_PATH=/work/linux/rv1109/src/prebuilts/gcc/linux-x86/arm/gcc-arm-8.3-2019.03-x86_64-arm-linux-gnueabihf/bin/../lib/gcc/arm-linux-gnueabihf/8.3.0/:/work/linux/rv1109/src/prebuilts/gcc/linux-x86/arm/gcc-arm-8.3-2019.03-x86_64-arm-linux-gnueabihf/bin/../lib/gcc/:/work/linux/rv1109/src/prebuilts/gcc/linux-x86/arm/gcc-arm-8.3-2019.03-x86_64-arm-linux-gnueabihf/bin/../lib/gcc/arm-linux-gnueabihf/8.3.0/../../../../arm-linux-gnueabihf/lib/:/work/linux/rv1109/src/buildroot/output/rockchip_rv1126_rv1109/host/arm-buildroot-linux-gnueabihf/sysroot/lib/:/work/linux/rv1109/src/buildroot/output/rockchip_rv1126_rv1109/host/arm-buildroot-linux-gnueabihf/sysroot/usr/lib/
COLLECT_GCC_OPTIONS='-mabi=aapcs-linux' '-mfpu=neon-vfpv4' '-marm' '-mfloat-abi=hard' '-mcpu=cortex-a7' '-D' '_LARGEFILE_SOURCE' '-D' '_LARGEFILE64_SOURCE' '-D' '_FILE_OFFSET_BITS=64' '-Os' '-v' '-o' 'CMakeFiles/cmTC_aee42.dir/CMakeCXXCompilerABI.cpp.o' '-c' '-shared-libgcc' '-mtls-dialect=gnu' '-march=armv7ve+simd'
[2/2] Linking CXX executable cmTC_aee42
Using built-in specs.
COLLECT_GCC=/work/linux/rv1109/src/buildroot/../prebuilts/gcc/linux-x86/arm/gcc-arm-8.3-2019.03-x86_64-arm-linux-gnueabihf/bin/arm-linux-gnueabihf-g++
COLLECT_LTO_WRAPPER=/work/linux/rv1109/src/prebuilts/gcc/linux-x86/arm/gcc-arm-8.3-2019.03-x86_64-arm-linux-gnueabihf/bin/../libexec/gcc/arm-linux-gnueabihf/8.3.0/lto-wrapper
Target: arm-linux-gnueabihf
Configured with: /tmp/dgboter/bbs/rhev-vm8--rhe6x86_64/buildbot/rhe6x86_64--arm-linux-gnueabihf/build/src/gcc/configure --target=arm-linux-gnueabihf --prefix= --with-sysroot=/arm-linux-gnueabihf/libc --with-build-sysroot=/tmp/dgboter/bbs/rhev-vm8--rhe6x86_64/buildbot/rhe6x86_64--arm-linux-gnueabihf/build/build-arm-linux-gnueabihf/install//arm-linux-gnueabihf/libc --with-bugurl=https://bugs.linaro.org/ --enable-gnu-indirect-function --enable-shared --disable-libssp --disable-libmudflap --enable-checking=release --enable-languages=c,c++,fortran --with-gmp=/tmp/dgboter/bbs/rhev-vm8--rhe6x86_64/buildbot/rhe6x86_64--arm-linux-gnueabihf/build/build-arm-linux-gnueabihf/host-tools --with-mpfr=/tmp/dgboter/bbs/rhev-vm8--rhe6x86_64/buildbot/rhe6x86_64--arm-linux-gnueabihf/build/build-arm-linux-gnueabihf/host-tools --with-mpc=/tmp/dgboter/bbs/rhev-vm8--rhe6x86_64/buildbot/rhe6x86_64--arm-linux-gnueabihf/build/build-arm-linux-gnueabihf/host-tools --with-isl=/tmp/dgboter/bbs/rhev-vm8--rhe6x86_64/buildbot/rhe6x86_64--arm-linux-gnueabihf/build/build-arm-linux-gnueabihf/host-tools --with-arch=armv7-a --with-fpu=neon --with-float=hard --with-arch=armv7-a --with-pkgversion='GNU Toolchain for the A-profile Architecture 8.3-2019.03 (arm-rel-8.36)'
Thread model: posix
gcc version 8.3.0 (GNU Toolchain for the A-profile Architecture 8.3-2019.03 (arm-rel-8.36)) 
COMPILER_PATH=/work/linux/rv1109/src/prebuilts/gcc/linux-x86/arm/gcc-arm-8.3-2019.03-x86_64-arm-linux-gnueabihf/bin/../libexec/gcc/arm-linux-gnueabihf/8.3.0/:/work/linux/rv1109/src/prebuilts/gcc/linux-x86/arm/gcc-arm-8.3-2019.03-x86_64-arm-linux-gnueabihf/bin/../libexec/gcc/:/work/linux/rv1109/src/prebuilts/gcc/linux-x86/arm/gcc-arm-8.3-2019.03-x86_64-arm-linux-gnueabihf/bin/../lib/gcc/arm-linux-gnueabihf/8.3.0/../../../../arm-linux-gnueabihf/bin/
LIBRARY_PATH=/work/linux/rv1109/src/prebuilts/gcc/linux-x86/arm/gcc-arm-8.3-2019.03-x86_64-arm-linux-gnueabihf/bin/../lib/gcc/arm-linux-gnueabihf/8.3.0/:/work/linux/rv1109/src/prebuilts/gcc/linux-x86/arm/gcc-arm-8.3-2019.03-x86_64-arm-linux-gnueabihf/bin/../lib/gcc/:/work/linux/rv1109/src/prebuilts/gcc/linux-x86/arm/gcc-arm-8.3-2019.03-x86_64-arm-linux-gnueabihf/bin/../lib/gcc/arm-linux-gnueabihf/8.3.0/../../../../arm-linux-gnueabihf/lib/:/work/linux/rv1109/src/buildroot/output/rockchip_rv1126_rv1109/host/arm-buildroot-linux-gnueabihf/sysroot/lib/:/work/linux/rv1109/src/buildroot/output/rockchip_rv1126_rv1109/host/arm-buildroot-linux-gnueabihf/sysroot/usr/lib/
COLLECT_GCC_OPTIONS='-mabi=aapcs-linux' '-mfpu=neon-vfpv4' '-marm' '-mfloat-abi=hard' '-mcpu=cortex-a7' '-D' '_LARGEFILE_SOURCE' '-D' '_LARGEFILE64_SOURCE' '-D' '_FILE_OFFSET_BITS=64' '-Os' '-v' '-rdynamic' '-o' 'cmTC_aee42' '-shared-libgcc' '-mtls-dialect=gnu' '-march=armv7ve+simd'
 /work/linux/rv1109/src/prebuilts/gcc/linux-x86/arm/gcc-arm-8.3-2019.03-x86_64-arm-linux-gnueabihf/bin/../libexec/gcc/arm-linux-gnueabihf/8.3.0/collect2 -plugin /work/linux/rv1109/src/prebuilts/gcc/linux-x86/arm/gcc-arm-8.3-2019.03-x86_64-arm-linux-gnueabihf/bin/../libexec/gcc/arm-linux-gnueabihf/8.3.0/liblto_plugin.so -plugin-opt=/work/linux/rv1109/src/prebuilts/gcc/linux-x86/arm/gcc-arm-8.3-2019.03-x86_64-arm-linux-gnueabihf/bin/../libexec/gcc/arm-linux-gnueabihf/8.3.0/lto-wrapper -plugin-opt=-fresolution=/tmp/ccKme3qj.res -plugin-opt=-pass-through=-lgcc_s -plugin-opt=-pass-through=-lgcc -plugin-opt=-pass-through=-lc -plugin-opt=-pass-through=-lgcc_s -plugin-opt=-pass-through=-lgcc --sysroot=/work/linux/rv1109/src/buildroot/output/rockchip_rv1126_rv1109/host/arm-buildroot-linux-gnueabihf/sysroot --eh-frame-hdr -export-dynamic -dynamic-linker /lib/ld-linux-armhf.so.3 -X -m armelf_linux_eabi -o cmTC_aee42 /work/linux/rv1109/src/buildroot/output/rockchip_rv1126_rv1109/host/arm-buildroot-linux-gnueabihf/sysroot/usr/lib/crt1.o /work/linux/rv1109/src/buildroot/output/rockchip_rv1126_rv1109/host/arm-buildroot-linux-gnueabihf/sysroot/usr/lib/crti.o /work/linux/rv1109/src/prebuilts/gcc/linux-x86/arm/gcc-arm-8.3-2019.03-x86_64-arm-linux-gnueabihf/bin/../lib/gcc/arm-linux-gnueabihf/8.3.0/crtbegin.o -L/work/linux/rv1109/src/prebuilts/gcc/linux-x86/arm/gcc-arm-8.3-2019.03-x86_64-arm-linux-gnueabihf/bin/../lib/gcc/arm-linux-gnueabihf/8.3.0 -L/work/linux/rv1109/src/prebuilts/gcc/linux-x86/arm/gcc-arm-8.3-2019.03-x86_64-arm-linux-gnueabihf/bin/../lib/gcc -L/work/linux/rv1109/src/prebuilts/gcc/linux-x86/arm/gcc-arm-8.3-2019.03-x86_64-arm-linux-gnueabihf/bin/../lib/gcc/arm-linux-gnueabihf/8.3.0/../../../../arm-linux-gnueabihf/lib -L/work/linux/rv1109/src/buildroot/output/rockchip_rv1126_rv1109/host/arm-buildroot-linux-gnueabihf/sysroot/lib -L/work/linux/rv1109/src/buildroot/output/rockchip_rv1126_rv1109/host/arm-buildroot-linux-gnueabihf/sysroot/usr/lib CMakeFiles/cmTC_aee42.dir/CMakeCXXCompilerABI.cpp.o -lstdc++ -lm -lgcc_s -lgcc -lc -lgcc_s -lgcc /work/linux/rv1109/src/prebuilts/gcc/linux-x86/arm/gcc-arm-8.3-2019.03-x86_64-arm-linux-gnueabihf/bin/../lib/gcc/arm-linux-gnueabihf/8.3.0/crtend.o /work/linux/rv1109/src/buildroot/output/rockchip_rv1126_rv1109/host/arm-buildroot-linux-gnueabihf/sysroot/usr/lib/crtn.o
COLLECT_GCC_OPTIONS='-mabi=aapcs-linux' '-mfpu=neon-vfpv4' '-marm' '-mfloat-abi=hard' '-mcpu=cortex-a7' '-D' '_LARGEFILE_SOURCE' '-D' '_LARGEFILE64_SOURCE' '-D' '_FILE_OFFSET_BITS=64' '-Os' '-v' '-rdynamic' '-o' 'cmTC_aee42' '-shared-libgcc' '-mtls-dialect=gnu' '-march=armv7ve+simd'



Parsed CXX implicit include dir info from above output: rv=done
  found start of include info
  found start of implicit include info
    add: [/work/linux/rv1109/src/prebuilts/gcc/linux-x86/arm/gcc-arm-8.3-2019.03-x86_64-arm-linux-gnueabihf/bin/../lib/gcc/arm-linux-gnueabihf/8.3.0/../../../../arm-linux-gnueabihf/include/c++/8.3.0]
    add: [/work/linux/rv1109/src/prebuilts/gcc/linux-x86/arm/gcc-arm-8.3-2019.03-x86_64-arm-linux-gnueabihf/bin/../lib/gcc/arm-linux-gnueabihf/8.3.0/../../../../arm-linux-gnueabihf/include/c++/8.3.0/arm-linux-gnueabihf]
    add: [/work/linux/rv1109/src/prebuilts/gcc/linux-x86/arm/gcc-arm-8.3-2019.03-x86_64-arm-linux-gnueabihf/bin/../lib/gcc/arm-linux-gnueabihf/8.3.0/../../../../arm-linux-gnueabihf/include/c++/8.3.0/backward]
    add: [/work/linux/rv1109/src/prebuilts/gcc/linux-x86/arm/gcc-arm-8.3-2019.03-x86_64-arm-linux-gnueabihf/bin/../lib/gcc/arm-linux-gnueabihf/8.3.0/include]
    add: [/work/linux/rv1109/src/prebuilts/gcc/linux-x86/arm/gcc-arm-8.3-2019.03-x86_64-arm-linux-gnueabihf/bin/../lib/gcc/arm-linux-gnueabihf/8.3.0/include-fixed]
    add: [/work/linux/rv1109/src/prebuilts/gcc/linux-x86/arm/gcc-arm-8.3-2019.03-x86_64-arm-linux-gnueabihf/bin/../lib/gcc/arm-linux-gnueabihf/8.3.0/../../../../arm-linux-gnueabihf/include]
    add: [/work/linux/rv1109/src/buildroot/output/rockchip_rv1126_rv1109/host/arm-buildroot-linux-gnueabihf/sysroot/usr/include]
  end of search list found
  collapse include dir [/work/linux/rv1109/src/prebuilts/gcc/linux-x86/arm/gcc-arm-8.3-2019.03-x86_64-arm-linux-gnueabihf/bin/../lib/gcc/arm-linux-gnueabihf/8.3.0/../../../../arm-linux-gnueabihf/include/c++/8.3.0] ==> [/work/linux/rv1109/src/prebuilts/gcc/linux-x86/arm/gcc-arm-8.3-2019.03-x86_64-arm-linux-gnueabihf/arm-linux-gnueabihf/include/c++/8.3.0]
  collapse include dir [/work/linux/rv1109/src/prebuilts/gcc/linux-x86/arm/gcc-arm-8.3-2019.03-x86_64-arm-linux-gnueabihf/bin/../lib/gcc/arm-linux-gnueabihf/8.3.0/../../../../arm-linux-gnueabihf/include/c++/8.3.0/arm-linux-gnueabihf] ==> [/work/linux/rv1109/src/prebuilts/gcc/linux-x86/arm/gcc-arm-8.3-2019.03-x86_64-arm-linux-gnueabihf/arm-linux-gnueabihf/include/c++/8.3.0/arm-linux-gnueabihf]
  collapse include dir [/work/linux/rv1109/src/prebuilts/gcc/linux-x86/arm/gcc-arm-8.3-2019.03-x86_64-arm-linux-gnueabihf/bin/../lib/gcc/arm-linux-gnueabihf/8.3.0/../../../../arm-linux-gnueabihf/include/c++/8.3.0/backward] ==> [/work/linux/rv1109/src/prebuilts/gcc/linux-x86/arm/gcc-arm-8.3-2019.03-x86_64-arm-linux-gnueabihf/arm-linux-gnueabihf/include/c++/8.3.0/backward]
  collapse include dir [/work/linux/rv1109/src/prebuilts/gcc/linux-x86/arm/gcc-arm-8.3-2019.03-x86_64-arm-linux-gnueabihf/bin/../lib/gcc/arm-linux-gnueabihf/8.3.0/include] ==> [/work/linux/rv1109/src/prebuilts/gcc/linux-x86/arm/gcc-arm-8.3-2019.03-x86_64-arm-linux-gnueabihf/lib/gcc/arm-linux-gnueabihf/8.3.0/include]
  collapse include dir [/work/linux/rv1109/src/prebuilts/gcc/linux-x86/arm/gcc-arm-8.3-2019.03-x86_64-arm-linux-gnueabihf/bin/../lib/gcc/arm-linux-gnueabihf/8.3.0/include-fixed] ==> [/work/linux/rv1109/src/prebuilts/gcc/linux-x86/arm/gcc-arm-8.3-2019.03-x86_64-arm-linux-gnueabihf/lib/gcc/arm-linux-gnueabihf/8.3.0/include-fixed]
  collapse include dir [/work/linux/rv1109/src/prebuilts/gcc/linux-x86/arm/gcc-arm-8.3-2019.03-x86_64-arm-linux-gnueabihf/bin/../lib/gcc/arm-linux-gnueabihf/8.3.0/../../../../arm-linux-gnueabihf/include] ==> [/work/linux/rv1109/src/prebuilts/gcc/linux-x86/arm/gcc-arm-8.3-2019.03-x86_64-arm-linux-gnueabihf/arm-linux-gnueabihf/include]
  collapse include dir [/work/linux/rv1109/src/buildroot/output/rockchip_rv1126_rv1109/host/arm-buildroot-linux-gnueabihf/sysroot/usr/include] ==> [/work/linux/rv1109/src/buildroot/output/rockchip_rv1126_rv1109/host/arm-buildroot-linux-gnueabihf/sysroot/usr/include]
  implicit include dirs: [/work/linux/rv1109/src/prebuilts/gcc/linux-x86/arm/gcc-arm-8.3-2019.03-x86_64-arm-linux-gnueabihf/arm-linux-gnueabihf/include/c++/8.3.0;/work/linux/rv1109/src/prebuilts/gcc/linux-x86/arm/gcc-arm-8.3-2019.03-x86_64-arm-linux-gnueabihf/arm-linux-gnueabihf/include/c++/8.3.0/arm-linux-gnueabihf;/work/linux/rv1109/src/prebuilts/gcc/linux-x86/arm/gcc-arm-8.3-2019.03-x86_64-arm-linux-gnueabihf/arm-linux-gnueabihf/include/c++/8.3.0/backward;/work/linux/rv1109/src/prebuilts/gcc/linux-x86/arm/gcc-arm-8.3-2019.03-x86_64-arm-linux-gnueabihf/lib/gcc/arm-linux-gnueabihf/8.3.0/include;/work/linux/rv1109/src/prebuilts/gcc/linux-x86/arm/gcc-arm-8.3-2019.03-x86_64-arm-linux-gnueabihf/lib/gcc/arm-linux-gnueabihf/8.3.0/include-fixed;/work/linux/rv1109/src/prebuilts/gcc/linux-x86/arm/gcc-arm-8.3-2019.03-x86_64-arm-linux-gnueabihf/arm-linux-gnueabihf/include;/work/linux/rv1109/src/buildroot/output/rockchip_rv1126_rv1109/host/arm-buildroot-linux-gnueabihf/sysroot/usr/include]


Parsed CXX implicit link information from above output:
  link line regex: [^( *|.*[/\])(arm-linux-gnueabihf-ld|CMAKE_LINK_STARTFILE-NOTFOUND|([^/\]+-)?ld|collect2)[^/\]*( |$)]
  ignore line: [Change Dir: /work/linux/rv1109/aiq-src/rk1109_isp_simulator/rk_aiq/build/linux/output/arm/CMakeFiles/CMakeTmp]
  ignore line: []
  ignore line: [Run Build Command(s):/work/linux/rv1109/src/buildroot/output/rockchip_rv1126_rv1109/host/bin/ninja cmTC_aee42 && [1/2] Building CXX object CMakeFiles/cmTC_aee42.dir/CMakeCXXCompilerABI.cpp.o]
  ignore line: [Using built-in specs.]
  ignore line: [COLLECT_GCC=/work/linux/rv1109/src/buildroot/../prebuilts/gcc/linux-x86/arm/gcc-arm-8.3-2019.03-x86_64-arm-linux-gnueabihf/bin/arm-linux-gnueabihf-g++]
  ignore line: [Target: arm-linux-gnueabihf]
  ignore line: [Configured with: /tmp/dgboter/bbs/rhev-vm8--rhe6x86_64/buildbot/rhe6x86_64--arm-linux-gnueabihf/build/src/gcc/configure --target=arm-linux-gnueabihf --prefix= --with-sysroot=/arm-linux-gnueabihf/libc --with-build-sysroot=/tmp/dgboter/bbs/rhev-vm8--rhe6x86_64/buildbot/rhe6x86_64--arm-linux-gnueabihf/build/build-arm-linux-gnueabihf/install//arm-linux-gnueabihf/libc --with-bugurl=https://bugs.linaro.org/ --enable-gnu-indirect-function --enable-shared --disable-libssp --disable-libmudflap --enable-checking=release --enable-languages=c c++ fortran --with-gmp=/tmp/dgboter/bbs/rhev-vm8--rhe6x86_64/buildbot/rhe6x86_64--arm-linux-gnueabihf/build/build-arm-linux-gnueabihf/host-tools --with-mpfr=/tmp/dgboter/bbs/rhev-vm8--rhe6x86_64/buildbot/rhe6x86_64--arm-linux-gnueabihf/build/build-arm-linux-gnueabihf/host-tools --with-mpc=/tmp/dgboter/bbs/rhev-vm8--rhe6x86_64/buildbot/rhe6x86_64--arm-linux-gnueabihf/build/build-arm-linux-gnueabihf/host-tools --with-isl=/tmp/dgboter/bbs/rhev-vm8--rhe6x86_64/buildbot/rhe6x86_64--arm-linux-gnueabihf/build/build-arm-linux-gnueabihf/host-tools --with-arch=armv7-a --with-fpu=neon --with-float=hard --with-arch=armv7-a --with-pkgversion='GNU Toolchain for the A-profile Architecture 8.3-2019.03 (arm-rel-8.36)']
  ignore line: [Thread model: posix]
  ignore line: [gcc version 8.3.0 (GNU Toolchain for the A-profile Architecture 8.3-2019.03 (arm-rel-8.36)) ]
  ignore line: [COLLECT_GCC_OPTIONS='-mabi=aapcs-linux' '-mfpu=neon-vfpv4' '-marm' '-mfloat-abi=hard' '-mcpu=cortex-a7' '-D' '_LARGEFILE_SOURCE' '-D' '_LARGEFILE64_SOURCE' '-D' '_FILE_OFFSET_BITS=64' '-Os' '-v' '-o' 'CMakeFiles/cmTC_aee42.dir/CMakeCXXCompilerABI.cpp.o' '-c' '-shared-libgcc' '-mtls-dialect=gnu' '-march=armv7ve+simd']
  ignore line: [ /work/linux/rv1109/src/prebuilts/gcc/linux-x86/arm/gcc-arm-8.3-2019.03-x86_64-arm-linux-gnueabihf/bin/../libexec/gcc/arm-linux-gnueabihf/8.3.0/cc1plus -quiet -v -iprefix /work/linux/rv1109/src/prebuilts/gcc/linux-x86/arm/gcc-arm-8.3-2019.03-x86_64-arm-linux-gnueabihf/bin/../lib/gcc/arm-linux-gnueabihf/8.3.0/ -isysroot /work/linux/rv1109/src/buildroot/output/rockchip_rv1126_rv1109/host/arm-buildroot-linux-gnueabihf/sysroot -D_GNU_SOURCE -D _LARGEFILE_SOURCE -D _LARGEFILE64_SOURCE -D _FILE_OFFSET_BITS=64 /usr/share/cmake-3.16/Modules/CMakeCXXCompilerABI.cpp -quiet -dumpbase CMakeCXXCompilerABI.cpp -mabi=aapcs-linux -mfpu=neon-vfpv4 -marm -mfloat-abi=hard -mcpu=cortex-a7 -mtls-dialect=gnu -march=armv7ve+simd -auxbase-strip CMakeFiles/cmTC_aee42.dir/CMakeCXXCompilerABI.cpp.o -Os -version -o /tmp/ccLABZKY.s]
  ignore line: [GNU C++14 (GNU Toolchain for the A-profile Architecture 8.3-2019.03 (arm-rel-8.36)) version 8.3.0 (arm-linux-gnueabihf)]
  ignore line: [	compiled by GNU C version 4.8.1  GMP version 4.3.2  MPFR version 3.1.6  MPC version 0.8.2  isl version isl-0.15-1-g835ea3a-GMP]
  ignore line: []
  ignore line: [GGC heuristics: --param ggc-min-expand=100 --param ggc-min-heapsize=131072]
  ignore line: [ignoring duplicate directory "/work/linux/rv1109/src/prebuilts/gcc/linux-x86/arm/gcc-arm-8.3-2019.03-x86_64-arm-linux-gnueabihf/bin/../lib/gcc/../../lib/gcc/arm-linux-gnueabihf/8.3.0/../../../../arm-linux-gnueabihf/include/c++/8.3.0"]
  ignore line: [ignoring duplicate directory "/work/linux/rv1109/src/prebuilts/gcc/linux-x86/arm/gcc-arm-8.3-2019.03-x86_64-arm-linux-gnueabihf/bin/../lib/gcc/../../lib/gcc/arm-linux-gnueabihf/8.3.0/../../../../arm-linux-gnueabihf/include/c++/8.3.0/arm-linux-gnueabihf"]
  ignore line: [ignoring duplicate directory "/work/linux/rv1109/src/prebuilts/gcc/linux-x86/arm/gcc-arm-8.3-2019.03-x86_64-arm-linux-gnueabihf/bin/../lib/gcc/../../lib/gcc/arm-linux-gnueabihf/8.3.0/../../../../arm-linux-gnueabihf/include/c++/8.3.0/backward"]
  ignore line: [ignoring duplicate directory "/work/linux/rv1109/src/prebuilts/gcc/linux-x86/arm/gcc-arm-8.3-2019.03-x86_64-arm-linux-gnueabihf/bin/../lib/gcc/../../lib/gcc/arm-linux-gnueabihf/8.3.0/include"]
  ignore line: [ignoring nonexistent directory "/work/linux/rv1109/src/buildroot/output/rockchip_rv1126_rv1109/host/arm-buildroot-linux-gnueabihf/sysroot/usr/local/include"]
  ignore line: [ignoring duplicate directory "/work/linux/rv1109/src/prebuilts/gcc/linux-x86/arm/gcc-arm-8.3-2019.03-x86_64-arm-linux-gnueabihf/bin/../lib/gcc/../../lib/gcc/arm-linux-gnueabihf/8.3.0/include-fixed"]
  ignore line: [ignoring duplicate directory "/work/linux/rv1109/src/prebuilts/gcc/linux-x86/arm/gcc-arm-8.3-2019.03-x86_64-arm-linux-gnueabihf/bin/../lib/gcc/../../lib/gcc/arm-linux-gnueabihf/8.3.0/../../../../arm-linux-gnueabihf/include"]
  ignore line: [#include "..." search starts here:]
  ignore line: [#include <...> search starts here:]
  ignore line: [ /work/linux/rv1109/src/prebuilts/gcc/linux-x86/arm/gcc-arm-8.3-2019.03-x86_64-arm-linux-gnueabihf/bin/../lib/gcc/arm-linux-gnueabihf/8.3.0/../../../../arm-linux-gnueabihf/include/c++/8.3.0]
  ignore line: [ /work/linux/rv1109/src/prebuilts/gcc/linux-x86/arm/gcc-arm-8.3-2019.03-x86_64-arm-linux-gnueabihf/bin/../lib/gcc/arm-linux-gnueabihf/8.3.0/../../../../arm-linux-gnueabihf/include/c++/8.3.0/arm-linux-gnueabihf]
  ignore line: [ /work/linux/rv1109/src/prebuilts/gcc/linux-x86/arm/gcc-arm-8.3-2019.03-x86_64-arm-linux-gnueabihf/bin/../lib/gcc/arm-linux-gnueabihf/8.3.0/../../../../arm-linux-gnueabihf/include/c++/8.3.0/backward]
  ignore line: [ /work/linux/rv1109/src/prebuilts/gcc/linux-x86/arm/gcc-arm-8.3-2019.03-x86_64-arm-linux-gnueabihf/bin/../lib/gcc/arm-linux-gnueabihf/8.3.0/include]
  ignore line: [ /work/linux/rv1109/src/prebuilts/gcc/linux-x86/arm/gcc-arm-8.3-2019.03-x86_64-arm-linux-gnueabihf/bin/../lib/gcc/arm-linux-gnueabihf/8.3.0/include-fixed]
  ignore line: [ /work/linux/rv1109/src/prebuilts/gcc/linux-x86/arm/gcc-arm-8.3-2019.03-x86_64-arm-linux-gnueabihf/bin/../lib/gcc/arm-linux-gnueabihf/8.3.0/../../../../arm-linux-gnueabihf/include]
  ignore line: [ /work/linux/rv1109/src/buildroot/output/rockchip_rv1126_rv1109/host/arm-buildroot-linux-gnueabihf/sysroot/usr/include]
  ignore line: [End of search list.]
  ignore line: [GNU C++14 (GNU Toolchain for the A-profile Architecture 8.3-2019.03 (arm-rel-8.36)) version 8.3.0 (arm-linux-gnueabihf)]
  ignore line: [	compiled by GNU C version 4.8.1  GMP version 4.3.2  MPFR version 3.1.6  MPC version 0.8.2  isl version isl-0.15-1-g835ea3a-GMP]
  ignore line: []
  ignore line: [GGC heuristics: --param ggc-min-expand=100 --param ggc-min-heapsize=131072]
  ignore line: [Compiler executable checksum: 8a85cb0d2d2ff66df776d19db4ea2416]
  ignore line: [COLLECT_GCC_OPTIONS='-mabi=aapcs-linux' '-mfpu=neon-vfpv4' '-marm' '-mfloat-abi=hard' '-mcpu=cortex-a7' '-D' '_LARGEFILE_SOURCE' '-D' '_LARGEFILE64_SOURCE' '-D' '_FILE_OFFSET_BITS=64' '-Os' '-v' '-o' 'CMakeFiles/cmTC_aee42.dir/CMakeCXXCompilerABI.cpp.o' '-c' '-shared-libgcc' '-mtls-dialect=gnu' '-march=armv7ve+simd']
  ignore line: [ /work/linux/rv1109/src/prebuilts/gcc/linux-x86/arm/gcc-arm-8.3-2019.03-x86_64-arm-linux-gnueabihf/bin/../lib/gcc/arm-linux-gnueabihf/8.3.0/../../../../arm-linux-gnueabihf/bin/as -v -march=armv7ve -mfloat-abi=hard -mfpu=neon-vfpv4 -meabi=5 -o CMakeFiles/cmTC_aee42.dir/CMakeCXXCompilerABI.cpp.o /tmp/ccLABZKY.s]
  ignore line: [GNU assembler version 2.32.0 (arm-linux-gnueabihf) using BFD version (GNU Toolchain for the A-profile Architecture 8.3-2019.03 (arm-rel-8.36)) 2.32.0.20190321]
  ignore line: [COMPILER_PATH=/work/linux/rv1109/src/prebuilts/gcc/linux-x86/arm/gcc-arm-8.3-2019.03-x86_64-arm-linux-gnueabihf/bin/../libexec/gcc/arm-linux-gnueabihf/8.3.0/:/work/linux/rv1109/src/prebuilts/gcc/linux-x86/arm/gcc-arm-8.3-2019.03-x86_64-arm-linux-gnueabihf/bin/../libexec/gcc/:/work/linux/rv1109/src/prebuilts/gcc/linux-x86/arm/gcc-arm-8.3-2019.03-x86_64-arm-linux-gnueabihf/bin/../lib/gcc/arm-linux-gnueabihf/8.3.0/../../../../arm-linux-gnueabihf/bin/]
  ignore line: [LIBRARY_PATH=/work/linux/rv1109/src/prebuilts/gcc/linux-x86/arm/gcc-arm-8.3-2019.03-x86_64-arm-linux-gnueabihf/bin/../lib/gcc/arm-linux-gnueabihf/8.3.0/:/work/linux/rv1109/src/prebuilts/gcc/linux-x86/arm/gcc-arm-8.3-2019.03-x86_64-arm-linux-gnueabihf/bin/../lib/gcc/:/work/linux/rv1109/src/prebuilts/gcc/linux-x86/arm/gcc-arm-8.3-2019.03-x86_64-arm-linux-gnueabihf/bin/../lib/gcc/arm-linux-gnueabihf/8.3.0/../../../../arm-linux-gnueabihf/lib/:/work/linux/rv1109/src/buildroot/output/rockchip_rv1126_rv1109/host/arm-buildroot-linux-gnueabihf/sysroot/lib/:/work/linux/rv1109/src/buildroot/output/rockchip_rv1126_rv1109/host/arm-buildroot-linux-gnueabihf/sysroot/usr/lib/]
  ignore line: [COLLECT_GCC_OPTIONS='-mabi=aapcs-linux' '-mfpu=neon-vfpv4' '-marm' '-mfloat-abi=hard' '-mcpu=cortex-a7' '-D' '_LARGEFILE_SOURCE' '-D' '_LARGEFILE64_SOURCE' '-D' '_FILE_OFFSET_BITS=64' '-Os' '-v' '-o' 'CMakeFiles/cmTC_aee42.dir/CMakeCXXCompilerABI.cpp.o' '-c' '-shared-libgcc' '-mtls-dialect=gnu' '-march=armv7ve+simd']
  ignore line: [[2/2] Linking CXX executable cmTC_aee42]
  ignore line: [Using built-in specs.]
  ignore line: [COLLECT_GCC=/work/linux/rv1109/src/buildroot/../prebuilts/gcc/linux-x86/arm/gcc-arm-8.3-2019.03-x86_64-arm-linux-gnueabihf/bin/arm-linux-gnueabihf-g++]
  ignore line: [COLLECT_LTO_WRAPPER=/work/linux/rv1109/src/prebuilts/gcc/linux-x86/arm/gcc-arm-8.3-2019.03-x86_64-arm-linux-gnueabihf/bin/../libexec/gcc/arm-linux-gnueabihf/8.3.0/lto-wrapper]
  ignore line: [Target: arm-linux-gnueabihf]
  ignore line: [Configured with: /tmp/dgboter/bbs/rhev-vm8--rhe6x86_64/buildbot/rhe6x86_64--arm-linux-gnueabihf/build/src/gcc/configure --target=arm-linux-gnueabihf --prefix= --with-sysroot=/arm-linux-gnueabihf/libc --with-build-sysroot=/tmp/dgboter/bbs/rhev-vm8--rhe6x86_64/buildbot/rhe6x86_64--arm-linux-gnueabihf/build/build-arm-linux-gnueabihf/install//arm-linux-gnueabihf/libc --with-bugurl=https://bugs.linaro.org/ --enable-gnu-indirect-function --enable-shared --disable-libssp --disable-libmudflap --enable-checking=release --enable-languages=c c++ fortran --with-gmp=/tmp/dgboter/bbs/rhev-vm8--rhe6x86_64/buildbot/rhe6x86_64--arm-linux-gnueabihf/build/build-arm-linux-gnueabihf/host-tools --with-mpfr=/tmp/dgboter/bbs/rhev-vm8--rhe6x86_64/buildbot/rhe6x86_64--arm-linux-gnueabihf/build/build-arm-linux-gnueabihf/host-tools --with-mpc=/tmp/dgboter/bbs/rhev-vm8--rhe6x86_64/buildbot/rhe6x86_64--arm-linux-gnueabihf/build/build-arm-linux-gnueabihf/host-tools --with-isl=/tmp/dgboter/bbs/rhev-vm8--rhe6x86_64/buildbot/rhe6x86_64--arm-linux-gnueabihf/build/build-arm-linux-gnueabihf/host-tools --with-arch=armv7-a --with-fpu=neon --with-float=hard --with-arch=armv7-a --with-pkgversion='GNU Toolchain for the A-profile Architecture 8.3-2019.03 (arm-rel-8.36)']
  ignore line: [Thread model: posix]
  ignore line: [gcc version 8.3.0 (GNU Toolchain for the A-profile Architecture 8.3-2019.03 (arm-rel-8.36)) ]
  ignore line: [COMPILER_PATH=/work/linux/rv1109/src/prebuilts/gcc/linux-x86/arm/gcc-arm-8.3-2019.03-x86_64-arm-linux-gnueabihf/bin/../libexec/gcc/arm-linux-gnueabihf/8.3.0/:/work/linux/rv1109/src/prebuilts/gcc/linux-x86/arm/gcc-arm-8.3-2019.03-x86_64-arm-linux-gnueabihf/bin/../libexec/gcc/:/work/linux/rv1109/src/prebuilts/gcc/linux-x86/arm/gcc-arm-8.3-2019.03-x86_64-arm-linux-gnueabihf/bin/../lib/gcc/arm-linux-gnueabihf/8.3.0/../../../../arm-linux-gnueabihf/bin/]
  ignore line: [LIBRARY_PATH=/work/linux/rv1109/src/prebuilts/gcc/linux-x86/arm/gcc-arm-8.3-2019.03-x86_64-arm-linux-gnueabihf/bin/../lib/gcc/arm-linux-gnueabihf/8.3.0/:/work/linux/rv1109/src/prebuilts/gcc/linux-x86/arm/gcc-arm-8.3-2019.03-x86_64-arm-linux-gnueabihf/bin/../lib/gcc/:/work/linux/rv1109/src/prebuilts/gcc/linux-x86/arm/gcc-arm-8.3-2019.03-x86_64-arm-linux-gnueabihf/bin/../lib/gcc/arm-linux-gnueabihf/8.3.0/../../../../arm-linux-gnueabihf/lib/:/work/linux/rv1109/src/buildroot/output/rockchip_rv1126_rv1109/host/arm-buildroot-linux-gnueabihf/sysroot/lib/:/work/linux/rv1109/src/buildroot/output/rockchip_rv1126_rv1109/host/arm-buildroot-linux-gnueabihf/sysroot/usr/lib/]
  ignore line: [COLLECT_GCC_OPTIONS='-mabi=aapcs-linux' '-mfpu=neon-vfpv4' '-marm' '-mfloat-abi=hard' '-mcpu=cortex-a7' '-D' '_LARGEFILE_SOURCE' '-D' '_LARGEFILE64_SOURCE' '-D' '_FILE_OFFSET_BITS=64' '-Os' '-v' '-rdynamic' '-o' 'cmTC_aee42' '-shared-libgcc' '-mtls-dialect=gnu' '-march=armv7ve+simd']
  link line: [ /work/linux/rv1109/src/prebuilts/gcc/linux-x86/arm/gcc-arm-8.3-2019.03-x86_64-arm-linux-gnueabihf/bin/../libexec/gcc/arm-linux-gnueabihf/8.3.0/collect2 -plugin /work/linux/rv1109/src/prebuilts/gcc/linux-x86/arm/gcc-arm-8.3-2019.03-x86_64-arm-linux-gnueabihf/bin/../libexec/gcc/arm-linux-gnueabihf/8.3.0/liblto_plugin.so -plugin-opt=/work/linux/rv1109/src/prebuilts/gcc/linux-x86/arm/gcc-arm-8.3-2019.03-x86_64-arm-linux-gnueabihf/bin/../libexec/gcc/arm-linux-gnueabihf/8.3.0/lto-wrapper -plugin-opt=-fresolution=/tmp/ccKme3qj.res -plugin-opt=-pass-through=-lgcc_s -plugin-opt=-pass-through=-lgcc -plugin-opt=-pass-through=-lc -plugin-opt=-pass-through=-lgcc_s -plugin-opt=-pass-through=-lgcc --sysroot=/work/linux/rv1109/src/buildroot/output/rockchip_rv1126_rv1109/host/arm-buildroot-linux-gnueabihf/sysroot --eh-frame-hdr -export-dynamic -dynamic-linker /lib/ld-linux-armhf.so.3 -X -m armelf_linux_eabi -o cmTC_aee42 /work/linux/rv1109/src/buildroot/output/rockchip_rv1126_rv1109/host/arm-buildroot-linux-gnueabihf/sysroot/usr/lib/crt1.o /work/linux/rv1109/src/buildroot/output/rockchip_rv1126_rv1109/host/arm-buildroot-linux-gnueabihf/sysroot/usr/lib/crti.o /work/linux/rv1109/src/prebuilts/gcc/linux-x86/arm/gcc-arm-8.3-2019.03-x86_64-arm-linux-gnueabihf/bin/../lib/gcc/arm-linux-gnueabihf/8.3.0/crtbegin.o -L/work/linux/rv1109/src/prebuilts/gcc/linux-x86/arm/gcc-arm-8.3-2019.03-x86_64-arm-linux-gnueabihf/bin/../lib/gcc/arm-linux-gnueabihf/8.3.0 -L/work/linux/rv1109/src/prebuilts/gcc/linux-x86/arm/gcc-arm-8.3-2019.03-x86_64-arm-linux-gnueabihf/bin/../lib/gcc -L/work/linux/rv1109/src/prebuilts/gcc/linux-x86/arm/gcc-arm-8.3-2019.03-x86_64-arm-linux-gnueabihf/bin/../lib/gcc/arm-linux-gnueabihf/8.3.0/../../../../arm-linux-gnueabihf/lib -L/work/linux/rv1109/src/buildroot/output/rockchip_rv1126_rv1109/host/arm-buildroot-linux-gnueabihf/sysroot/lib -L/work/linux/rv1109/src/buildroot/output/rockchip_rv1126_rv1109/host/arm-buildroot-linux-gnueabihf/sysroot/usr/lib CMakeFiles/cmTC_aee42.dir/CMakeCXXCompilerABI.cpp.o -lstdc++ -lm -lgcc_s -lgcc -lc -lgcc_s -lgcc /work/linux/rv1109/src/prebuilts/gcc/linux-x86/arm/gcc-arm-8.3-2019.03-x86_64-arm-linux-gnueabihf/bin/../lib/gcc/arm-linux-gnueabihf/8.3.0/crtend.o /work/linux/rv1109/src/buildroot/output/rockchip_rv1126_rv1109/host/arm-buildroot-linux-gnueabihf/sysroot/usr/lib/crtn.o]
    arg [/work/linux/rv1109/src/prebuilts/gcc/linux-x86/arm/gcc-arm-8.3-2019.03-x86_64-arm-linux-gnueabihf/bin/../libexec/gcc/arm-linux-gnueabihf/8.3.0/collect2] ==> ignore
    arg [-plugin] ==> ignore
    arg [/work/linux/rv1109/src/prebuilts/gcc/linux-x86/arm/gcc-arm-8.3-2019.03-x86_64-arm-linux-gnueabihf/bin/../libexec/gcc/arm-linux-gnueabihf/8.3.0/liblto_plugin.so] ==> ignore
    arg [-plugin-opt=/work/linux/rv1109/src/prebuilts/gcc/linux-x86/arm/gcc-arm-8.3-2019.03-x86_64-arm-linux-gnueabihf/bin/../libexec/gcc/arm-linux-gnueabihf/8.3.0/lto-wrapper] ==> ignore
    arg [-plugin-opt=-fresolution=/tmp/ccKme3qj.res] ==> ignore
    arg [-plugin-opt=-pass-through=-lgcc_s] ==> ignore
    arg [-plugin-opt=-pass-through=-lgcc] ==> ignore
    arg [-plugin-opt=-pass-through=-lc] ==> ignore
    arg [-plugin-opt=-pass-through=-lgcc_s] ==> ignore
    arg [-plugin-opt=-pass-through=-lgcc] ==> ignore
    arg [--sysroot=/work/linux/rv1109/src/buildroot/output/rockchip_rv1126_rv1109/host/arm-buildroot-linux-gnueabihf/sysroot] ==> ignore
    arg [--eh-frame-hdr] ==> ignore
    arg [-export-dynamic] ==> ignore
    arg [-dynamic-linker] ==> ignore
    arg [/lib/ld-linux-armhf.so.3] ==> ignore
    arg [-X] ==> ignore
    arg [-m] ==> ignore
    arg [armelf_linux_eabi] ==> ignore
    arg [-o] ==> ignore
    arg [cmTC_aee42] ==> ignore
    arg [/work/linux/rv1109/src/buildroot/output/rockchip_rv1126_rv1109/host/arm-buildroot-linux-gnueabihf/sysroot/usr/lib/crt1.o] ==> ignore
    arg [/work/linux/rv1109/src/buildroot/output/rockchip_rv1126_rv1109/host/arm-buildroot-linux-gnueabihf/sysroot/usr/lib/crti.o] ==> ignore
    arg [/work/linux/rv1109/src/prebuilts/gcc/linux-x86/arm/gcc-arm-8.3-2019.03-x86_64-arm-linux-gnueabihf/bin/../lib/gcc/arm-linux-gnueabihf/8.3.0/crtbegin.o] ==> ignore
    arg [-L/work/linux/rv1109/src/prebuilts/gcc/linux-x86/arm/gcc-arm-8.3-2019.03-x86_64-arm-linux-gnueabihf/bin/../lib/gcc/arm-linux-gnueabihf/8.3.0] ==> dir [/work/linux/rv1109/src/prebuilts/gcc/linux-x86/arm/gcc-arm-8.3-2019.03-x86_64-arm-linux-gnueabihf/bin/../lib/gcc/arm-linux-gnueabihf/8.3.0]
    arg [-L/work/linux/rv1109/src/prebuilts/gcc/linux-x86/arm/gcc-arm-8.3-2019.03-x86_64-arm-linux-gnueabihf/bin/../lib/gcc] ==> dir [/work/linux/rv1109/src/prebuilts/gcc/linux-x86/arm/gcc-arm-8.3-2019.03-x86_64-arm-linux-gnueabihf/bin/../lib/gcc]
    arg [-L/work/linux/rv1109/src/prebuilts/gcc/linux-x86/arm/gcc-arm-8.3-2019.03-x86_64-arm-linux-gnueabihf/bin/../lib/gcc/arm-linux-gnueabihf/8.3.0/../../../../arm-linux-gnueabihf/lib] ==> dir [/work/linux/rv1109/src/prebuilts/gcc/linux-x86/arm/gcc-arm-8.3-2019.03-x86_64-arm-linux-gnueabihf/bin/../lib/gcc/arm-linux-gnueabihf/8.3.0/../../../../arm-linux-gnueabihf/lib]
    arg [-L/work/linux/rv1109/src/buildroot/output/rockchip_rv1126_rv1109/host/arm-buildroot-linux-gnueabihf/sysroot/lib] ==> dir [/work/linux/rv1109/src/buildroot/output/rockchip_rv1126_rv1109/host/arm-buildroot-linux-gnueabihf/sysroot/lib]
    arg [-L/work/linux/rv1109/src/buildroot/output/rockchip_rv1126_rv1109/host/arm-buildroot-linux-gnueabihf/sysroot/usr/lib] ==> dir [/work/linux/rv1109/src/buildroot/output/rockchip_rv1126_rv1109/host/arm-buildroot-linux-gnueabihf/sysroot/usr/lib]
    arg [CMakeFiles/cmTC_aee42.dir/CMakeCXXCompilerABI.cpp.o] ==> ignore
    arg [-lstdc++] ==> lib [stdc++]
    arg [-lm] ==> lib [m]
    arg [-lgcc_s] ==> lib [gcc_s]
    arg [-lgcc] ==> lib [gcc]
    arg [-lc] ==> lib [c]
    arg [-lgcc_s] ==> lib [gcc_s]
    arg [-lgcc] ==> lib [gcc]
    arg [/work/linux/rv1109/src/prebuilts/gcc/linux-x86/arm/gcc-arm-8.3-2019.03-x86_64-arm-linux-gnueabihf/bin/../lib/gcc/arm-linux-gnueabihf/8.3.0/crtend.o] ==> ignore
    arg [/work/linux/rv1109/src/buildroot/output/rockchip_rv1126_rv1109/host/arm-buildroot-linux-gnueabihf/sysroot/usr/lib/crtn.o] ==> ignore
  collapse library dir [/work/linux/rv1109/src/prebuilts/gcc/linux-x86/arm/gcc-arm-8.3-2019.03-x86_64-arm-linux-gnueabihf/bin/../lib/gcc/arm-linux-gnueabihf/8.3.0] ==> [/work/linux/rv1109/src/prebuilts/gcc/linux-x86/arm/gcc-arm-8.3-2019.03-x86_64-arm-linux-gnueabihf/lib/gcc/arm-linux-gnueabihf/8.3.0]
  collapse library dir [/work/linux/rv1109/src/prebuilts/gcc/linux-x86/arm/gcc-arm-8.3-2019.03-x86_64-arm-linux-gnueabihf/bin/../lib/gcc] ==> [/work/linux/rv1109/src/prebuilts/gcc/linux-x86/arm/gcc-arm-8.3-2019.03-x86_64-arm-linux-gnueabihf/lib/gcc]
  collapse library dir [/work/linux/rv1109/src/prebuilts/gcc/linux-x86/arm/gcc-arm-8.3-2019.03-x86_64-arm-linux-gnueabihf/bin/../lib/gcc/arm-linux-gnueabihf/8.3.0/../../../../arm-linux-gnueabihf/lib] ==> [/work/linux/rv1109/src/prebuilts/gcc/linux-x86/arm/gcc-arm-8.3-2019.03-x86_64-arm-linux-gnueabihf/arm-linux-gnueabihf/lib]
  collapse library dir [/work/linux/rv1109/src/buildroot/output/rockchip_rv1126_rv1109/host/arm-buildroot-linux-gnueabihf/sysroot/lib] ==> [/work/linux/rv1109/src/buildroot/output/rockchip_rv1126_rv1109/host/arm-buildroot-linux-gnueabihf/sysroot/lib]
  collapse library dir [/work/linux/rv1109/src/buildroot/output/rockchip_rv1126_rv1109/host/arm-buildroot-linux-gnueabihf/sysroot/usr/lib] ==> [/work/linux/rv1109/src/buildroot/output/rockchip_rv1126_rv1109/host/arm-buildroot-linux-gnueabihf/sysroot/usr/lib]
  implicit libs: [stdc++;m;gcc_s;gcc;c;gcc_s;gcc]
  implicit dirs: [/work/linux/rv1109/src/prebuilts/gcc/linux-x86/arm/gcc-arm-8.3-2019.03-x86_64-arm-linux-gnueabihf/lib/gcc/arm-linux-gnueabihf/8.3.0;/work/linux/rv1109/src/prebuilts/gcc/linux-x86/arm/gcc-arm-8.3-2019.03-x86_64-arm-linux-gnueabihf/lib/gcc;/work/linux/rv1109/src/prebuilts/gcc/linux-x86/arm/gcc-arm-8.3-2019.03-x86_64-arm-linux-gnueabihf/arm-linux-gnueabihf/lib;/work/linux/rv1109/src/buildroot/output/rockchip_rv1126_rv1109/host/arm-buildroot-linux-gnueabihf/sysroot/lib;/work/linux/rv1109/src/buildroot/output/rockchip_rv1126_rv1109/host/arm-buildroot-linux-gnueabihf/sysroot/usr/lib]
  implicit fwks: []


